2025-02-11 11:11:25,121 - INFO - 🚀 FastAPI GPU 서버 시작됨
2025-02-11 11:36:57,911 - INFO - 🚀 FastAPI GPU 서버 시작됨
2025-02-11 11:59:45,126 - INFO - 🚀 FastAPI GPU 서버 시작됨
2025-02-11 12:07:00,984 - INFO - 🚀 FastAPI GPU 서버 시작됨
2025-02-11 12:12:30,746 - INFO - 🚀 FastAPI GPU 서버 시작됨
2025-02-11 12:15:57,895 - INFO - 🚀 FastAPI GPU 서버 시작됨
2025-02-11 12:19:37,204 - INFO - 📝 [127.0.0.1] 질문 받음: 전세사기를 당했어요.
2025-02-11 12:19:37,205 - INFO - 🔍 [127.0.0.1] 관련 법률 및 판례 검색 시작
2025-02-11 12:19:38,090 - INFO - ✅ [127.0.0.1] 관련 법률 검색 완료
2025-02-11 12:19:38,090 - INFO - 🤖 [127.0.0.1] EXAONE 모델을 사용하여 답변 생성 중...
2025-02-11 12:19:56,613 - INFO - ✅ [127.0.0.1] 답변 생성 완료
2025-02-11 12:28:50,171 - INFO - 🚀 FastAPI GPU 서버 시작됨
2025-02-11 12:35:31,504 - INFO - 🚀 FastAPI GPU 서버 시작됨
2025-02-11 12:40:25,796 - INFO - 🚀 FastAPI GPU 서버 시작됨
2025-02-11 13:49:39,260 - INFO - 🚀 FastAPI GPU 서버 시작됨
2025-02-11 13:59:11,678 - INFO - 🚀 FastAPI GPU 서버 시작됨
2025-02-11 14:05:35,481 - INFO - 🚀 FastAPI GPU 서버 시작됨
2025-02-11 14:16:26,818 - INFO - 🚀 FastAPI GPU 서버 시작됨
2025-02-11 14:21:52,533 - INFO - 🚀 FastAPI GPU 서버 시작됨
2025-02-11 14:41:37,548 - INFO - 🚀 FastAPI GPU 서버 시작됨
2025-02-11 14:45:56,953 - INFO - 🚀 FastAPI GPU 서버 시작됨
2025-02-11 15:24:51,838 - INFO - 🚀 FastAPI GPU 서버 시작됨
2025-02-11 15:30:35,651 - INFO - 🚀 FastAPI GPU 서버 시작됨
2025-02-11 15:55:05,857 - INFO - 🚀 FastAPI GPU 서버 시작됨
2025-02-11 15:58:05,523 - INFO - 🚀 FastAPI GPU 서버 시작됨
2025-02-12 11:49:37,184 - INFO - 🚀 FastAPI GPU 서버 시작됨
2025-02-12 12:22:44,149 - INFO - 🚀 FastAPI GPU 서버 시작됨
2025-02-12 12:36:54,805 - INFO - ✅ Health Check 요청 받음
2025-02-12 14:09:40,640 - INFO - 🚀 FastAPI GPU 서버 시작됨
2025-02-12 14:12:04,271 - INFO - 🚀 FastAPI GPU 서버 시작됨
2025-02-12 14:15:08,788 - INFO - ✅ Health Check 요청 받음
2025-02-12 14:16:51,751 - INFO - ✅ Health Check 요청 받음
2025-02-12 14:33:02,295 - INFO - 📝 질문 받음: 전세 사기에 어떻게 대처해야 하는지 알려줄 수 있어?
2025-02-12 14:33:02,296 - INFO - 🔍 관련 법률 및 판례 검색 시작
2025-02-12 14:33:02,518 - ERROR - ❌ 서버 내부 오류 발생
Traceback (most recent call last):
  File "/mnt/c/Users/박원빈/Desktop/lawyer.ai/generate/server.py", line 52, in gpu_ask
    relevant_docs, sources, scores, law_numbers = get_relevant_docs(user_query)
                                                  ^^^^^^^^^^^^^^^^^^^^^^^^^^^^^
  File "/mnt/c/Users/박원빈/Desktop/lawyer.ai/generate/search.py", line 41, in get_relevant_docs
    query_embedding = embed_text(query)
                      ^^^^^^^^^^^^^^^^^
  File "/mnt/c/Users/박원빈/Desktop/lawyer.ai/generate/search.py", line 33, in embed_text
    return embedding.cpu().numpy().flatten().tolist()
           ^^^^^^^^^^^^^^^^^^^^^^^
TypeError: Got unsupported ScalarType BFloat16
2025-02-12 14:33:59,931 - INFO - 🚀 FastAPI GPU 서버 시작됨
2025-02-12 14:34:03,006 - INFO - 📝 질문 받음: 전세 사기에 어떻게 대처해야 하는지 알려줄 수 있어?
2025-02-12 14:34:03,007 - INFO - 🔍 관련 법률 및 판례 검색 시작
2025-02-12 14:34:03,894 - INFO - ✅ 관련 법률 검색 완료
2025-02-12 14:34:03,894 - INFO - 🤖 EXAONE 모델을 사용하여 답변 생성 중...
2025-02-12 14:34:19,941 - INFO - ✅ 답변 생성 완료
2025-02-12 14:40:57,740 - INFO - 📝 질문 받음: 전세사기를 당했어요.
2025-02-12 14:40:57,741 - INFO - 🔍 관련 법률 및 판례 검색 시작
2025-02-12 14:40:57,766 - INFO - ✅ 관련 법률 검색 완료
2025-02-12 14:40:57,766 - INFO - 🤖 EXAONE 모델을 사용하여 답변 생성 중...
2025-02-12 14:41:14,019 - INFO - ✅ 답변 생성 완료
2025-02-12 14:46:39,784 - INFO - 📝 질문 받음: 전세사기를 당했어요.
2025-02-12 14:46:39,784 - INFO - 🔍 관련 법률 및 판례 검색 시작
2025-02-12 14:46:39,802 - INFO - ✅ 관련 법률 검색 완료
2025-02-12 14:46:39,802 - INFO - 🤖 EXAONE 모델을 사용하여 답변 생성 중...
2025-02-12 14:46:56,301 - INFO - ✅ 답변 생성 완료
2025-02-12 14:46:56,477 - INFO - 📝 질문 받음: 전세사기를 당했어요.
2025-02-12 14:46:56,477 - INFO - 🔍 관련 법률 및 판례 검색 시작
2025-02-12 14:46:56,492 - INFO - ✅ 관련 법률 검색 완료
2025-02-12 14:46:56,492 - INFO - 🤖 EXAONE 모델을 사용하여 답변 생성 중...
2025-02-12 14:47:13,379 - INFO - ✅ 답변 생성 완료
2025-02-12 14:47:13,597 - INFO - 📝 질문 받음: 전세사기를 당했어요.
2025-02-12 14:47:13,597 - INFO - 🔍 관련 법률 및 판례 검색 시작
2025-02-12 14:47:13,611 - INFO - ✅ 관련 법률 검색 완료
2025-02-12 14:47:13,612 - INFO - 🤖 EXAONE 모델을 사용하여 답변 생성 중...
2025-02-12 14:47:30,358 - INFO - ✅ 답변 생성 완료
2025-02-12 14:47:30,519 - INFO - 📝 질문 받음: 전세사기를 당했어요.
2025-02-12 14:47:30,519 - INFO - 🔍 관련 법률 및 판례 검색 시작
2025-02-12 14:47:30,536 - INFO - ✅ 관련 법률 검색 완료
2025-02-12 14:47:30,536 - INFO - 🤖 EXAONE 모델을 사용하여 답변 생성 중...
2025-02-12 14:47:47,053 - INFO - ✅ 답변 생성 완료
2025-02-12 14:49:18,514 - INFO - 📝 질문 받음: 건물에서 넘어졌어요.
2025-02-12 14:49:18,514 - INFO - 🔍 관련 법률 및 판례 검색 시작
2025-02-12 14:49:18,530 - INFO - ✅ 관련 법률 검색 완료
2025-02-12 14:49:18,530 - INFO - 🤖 EXAONE 모델을 사용하여 답변 생성 중...
2025-02-12 14:49:34,871 - INFO - ✅ 답변 생성 완료
2025-02-12 14:51:22,993 - INFO - 📝 질문 받음: 교통사고를 당했어요.
2025-02-12 14:51:22,993 - INFO - 🔍 관련 법률 및 판례 검색 시작
2025-02-12 14:51:23,009 - INFO - ✅ 관련 법률 검색 완료
2025-02-12 14:51:23,010 - INFO - 🤖 EXAONE 모델을 사용하여 답변 생성 중...
2025-02-12 14:51:39,362 - INFO - ✅ 답변 생성 완료
2025-02-12 14:54:37,431 - INFO - 📝 질문 받음: 지인이 돈을 안갚아요.
2025-02-12 14:54:37,432 - INFO - 🔍 관련 법률 및 판례 검색 시작
2025-02-12 14:54:37,447 - INFO - ✅ 관련 법률 검색 완료
2025-02-12 14:54:37,447 - INFO - 🤖 EXAONE 모델을 사용하여 답변 생성 중...
2025-02-12 14:54:53,675 - INFO - ✅ 답변 생성 완료
2025-02-12 14:55:29,707 - INFO - 🚀 FastAPI GPU 서버 시작됨
2025-02-12 14:57:41,355 - INFO - 📝 질문 받음: 전세사기를 당했어요.
2025-02-12 14:57:41,357 - INFO - 🔍 관련 법률 및 판례 검색 시작
2025-02-12 14:57:41,976 - INFO - ✅ 관련 법률 검색 완료
2025-02-12 14:57:41,977 - INFO - 🤖 EXAONE 모델을 사용하여 답변 생성 중...
2025-02-12 14:57:58,596 - INFO - ✅ 답변 생성 완료
2025-02-12 14:59:42,585 - INFO - 📝 질문 받음: 지인이 돈을 안갚아요.
2025-02-12 14:59:42,585 - INFO - 🔍 관련 법률 및 판례 검색 시작
2025-02-12 14:59:42,605 - INFO - ✅ 관련 법률 검색 완료
2025-02-12 14:59:42,605 - INFO - 🤖 EXAONE 모델을 사용하여 답변 생성 중...
2025-02-12 14:59:59,084 - INFO - ✅ 답변 생성 완료
2025-02-12 15:06:45,652 - INFO - 🚀 FastAPI GPU 서버 시작됨
2025-02-12 15:14:28,304 - INFO - 📝 질문 받음: 전세사기를 당했어요.
2025-02-12 15:14:28,306 - INFO - 🔍 관련 법률 및 판례 검색 시작
2025-02-12 15:14:28,993 - INFO - ✅ 관련 법률 검색 완료
2025-02-12 15:14:28,993 - INFO - 🤖 EXAONE 모델을 사용하여 답변 생성 중...
2025-02-12 15:14:46,114 - INFO - ✅ 답변 생성 완료
2025-02-12 15:27:18,199 - INFO - 🚀 FastAPI GPU 서버 시작됨
2025-02-12 15:27:50,949 - INFO - 📝 질문 받음: 건물에서 넘어졌어요.
2025-02-12 15:27:50,950 - INFO - 🔍 관련 법률 및 판례 검색 시작
2025-02-12 15:27:51,695 - INFO - ✅ 관련 법률 검색 완료
2025-02-12 15:27:51,695 - INFO - 🤖 EXAONE 모델을 사용하여 답변 생성 중...
2025-02-12 15:28:08,792 - INFO - ✅ 답변 생성 완료
2025-02-12 15:30:37,352 - INFO - 📝 질문 받음: 지인이 돈을 안갚아요.
2025-02-12 15:30:37,352 - INFO - 🔍 관련 법률 및 판례 검색 시작
2025-02-12 15:30:37,371 - INFO - ✅ 관련 법률 검색 완료
2025-02-12 15:30:37,371 - INFO - 🤖 EXAONE 모델을 사용하여 답변 생성 중...
2025-02-12 15:30:54,217 - INFO - ✅ 답변 생성 완료
2025-02-12 15:34:56,519 - INFO - 📝 질문 받음: 교통사고를 당했어요.
2025-02-12 15:34:56,520 - INFO - 🔍 관련 법률 및 판례 검색 시작
2025-02-12 15:34:56,536 - INFO - ✅ 관련 법률 검색 완료
2025-02-12 15:34:56,536 - INFO - 🤖 EXAONE 모델을 사용하여 답변 생성 중...
2025-02-12 15:35:13,425 - INFO - ✅ 답변 생성 완료
2025-02-12 15:35:33,496 - INFO - 📝 질문 받음: 건물에서 넘어졌어요.
2025-02-12 15:35:33,496 - INFO - 🔍 관련 법률 및 판례 검색 시작
2025-02-12 15:35:33,512 - INFO - ✅ 관련 법률 검색 완료
2025-02-12 15:35:33,512 - INFO - 🤖 EXAONE 모델을 사용하여 답변 생성 중...
2025-02-12 15:35:50,410 - INFO - ✅ 답변 생성 완료
2025-02-12 15:45:10,671 - INFO - 🚀 FastAPI GPU 서버 시작됨
2025-02-12 15:45:17,391 - INFO - 📝 질문 받음: 전세사기를 당했어요.
2025-02-12 15:45:17,393 - INFO - 🔍 관련 법률 및 판례 검색 시작
2025-02-12 15:45:18,002 - INFO - ✅ 관련 법률 검색 완료
2025-02-12 15:45:18,002 - INFO - 🤖 EXAONE 모델을 사용하여 답변 생성 중...
2025-02-12 15:45:34,988 - INFO - ✅ 답변 생성 완료
2025-02-17 11:11:55,442 - INFO - 🚀 FastAPI GPU 서버 시작됨
2025-02-17 11:32:14,514 - INFO - 🚀 FastAPI GPU 서버 시작됨
2025-02-17 11:32:22,679 - INFO - 📝 문서 생성 요청 받음: contract_type='근로계약서' party_a='홍길동' party_b='임꺽정' contract_date='2025-02-20' additional_info='계약 기간은 2년이며, 월급은 300만원이다.'
2025-02-17 11:32:22,679 - INFO - 📄 문서 생성 시작: 근로계약서, 홍길동, 임꺽정, 2025-02-20
2025-02-17 11:32:22,680 - INFO - 🔍 EXAONE에 문서 요청: 근로계약서, 홍길동, 임꺽정, 2025-02-20
2025-02-17 11:33:36,289 - INFO - ✅ 문서 생성 완료
2025-02-17 11:33:36,325 - ERROR - ❌ 문서 생성 중 오류 발생
Traceback (most recent call last):
  File "/home/urbantour0809/anaconda3/envs/gpu/lib/python3.12/site-packages/pdfkit/configuration.py", line 35, in __init__
    with open(self.wkhtmltopdf) as f:
         ^^^^^^^^^^^^^^^^^^^^^^
FileNotFoundError: [Errno 2] No such file or directory: b''

During handling of the above exception, another exception occurred:

Traceback (most recent call last):
  File "/mnt/c/Users/박원빈/Desktop/TEST_lawyer.ai/generate/server.py", line 96, in generate_contract
    pdf_path = create_contract_pdf(data.contract_type, data.party_a, data.party_b, data.contract_date, data.additional_info)
               ^^^^^^^^^^^^^^^^^^^^^^^^^^^^^^^^^^^^^^^^^^^^^^^^^^^^^^^^^^^^^^^^^^^^^^^^^^^^^^^^^^^^^^^^^^^^^^^^^^^^^^^^^^^^^
  File "/mnt/c/Users/박원빈/Desktop/TEST_lawyer.ai/generate/doc_create.py", line 99, in create_contract_pdf
    convert_to_pdf(contract_text, pdf_path)
  File "/mnt/c/Users/박원빈/Desktop/TEST_lawyer.ai/generate/doc_create.py", line 155, in convert_to_pdf
    pdfkit.from_string(html_content, pdf_path)
  File "/home/urbantour0809/anaconda3/envs/gpu/lib/python3.12/site-packages/pdfkit/api.py", line 72, in from_string
    r = PDFKit(input, 'string', options=options, toc=toc, cover=cover, css=css,
        ^^^^^^^^^^^^^^^^^^^^^^^^^^^^^^^^^^^^^^^^^^^^^^^^^^^^^^^^^^^^^^^^^^^^^^^
  File "/home/urbantour0809/anaconda3/envs/gpu/lib/python3.12/site-packages/pdfkit/pdfkit.py", line 45, in __init__
    self.configuration = (Configuration() if configuration is None
                          ^^^^^^^^^^^^^^^
  File "/home/urbantour0809/anaconda3/envs/gpu/lib/python3.12/site-packages/pdfkit/configuration.py", line 38, in __init__
    raise IOError('No wkhtmltopdf executable found: "%s"\n'
OSError: No wkhtmltopdf executable found: "b''"
If this file exists please check that this process can read it or you can pass path to it manually in method call, check README. Otherwise please install wkhtmltopdf - https://github.com/JazzCore/python-pdfkit/wiki/Installing-wkhtmltopdf
2025-02-17 11:42:26,007 - INFO - 🚀 FastAPI GPU 서버 시작됨
2025-02-17 11:42:32,703 - INFO - 📝 문서 생성 요청 받음: contract_type='근로계약서' party_a='홍길동' party_b='임꺽정' contract_date='2025-02-20' additional_info='계약 기간은 2년이며, 월급은 300만원이다.'
2025-02-17 11:42:32,704 - INFO - 📄 문서 생성 시작: 근로계약서, 홍길동, 임꺽정, 2025-02-20
2025-02-17 11:42:32,704 - INFO - 🔍 EXAONE에 문서 요청: 근로계약서, 홍길동, 임꺽정, 2025-02-20
2025-02-17 11:43:44,277 - INFO - ✅ 문서 생성 완료
2025-02-17 11:43:44,730 - INFO - ✅ PDF 문서 저장 완료: ../document/근로계약서_홍길동_임꺽정_20250220_898bc145632543c1804fdc904726e92a.pdf
2025-02-17 11:43:44,730 - INFO - ✅ 문서 생성 완료: http://localhost:8001/download/근로계약서_홍길동_임꺽정_20250220_898bc145632543c1804fdc904726e92a.pdf
2025-02-17 11:52:23,353 - INFO - 📝 문서 생성 요청 받음: contract_type='근로계약서' party_a='테스트' party_b='임꺽정' contract_date='2025-02-20' additional_info='계약 기간은 2년이며, 월급은 300만원이다.'
2025-02-17 11:52:23,354 - INFO - 📄 문서 생성 시작: 근로계약서, 테스트, 임꺽정, 2025-02-20
2025-02-17 11:52:23,354 - INFO - 🔍 EXAONE에 문서 요청: 근로계약서, 테스트, 임꺽정, 2025-02-20
2025-02-17 11:53:30,483 - INFO - ✅ 문서 생성 완료
2025-02-17 11:53:30,906 - INFO - ✅ PDF 문서 저장 완료: ../document/근로계약서_테스트_임꺽정_20250220_b76def74b8fd42c6b5c0d097cba2c08a.pdf
2025-02-17 12:06:53,296 - INFO - 📝 문서 생성 요청 받음: contract_type='근로계약서' party_a='홍길동' party_b='임꺽정' contract_date='2025-02-20' additional_info='계약 기간은 2년이며, 월급은 300만원이다.'
2025-02-17 12:06:53,297 - INFO - 📄 문서 생성 시작: 근로계약서, 홍길동, 임꺽정, 2025-02-20
2025-02-17 12:06:53,297 - INFO - 🔍 EXAONE에 문서 요청: 근로계약서, 홍길동, 임꺽정, 2025-02-20
2025-02-17 12:08:08,973 - INFO - ✅ 문서 생성 완료
2025-02-17 12:08:09,417 - INFO - ✅ PDF 문서 저장 완료: ../document/근로계약서_홍길동_임꺽정_20250220_0db1ac3a72f94e6f830bbd15d0d8ef0a.pdf
2025-02-17 12:08:09,417 - INFO - ✅ 문서 생성 완료: http://localhost:8001/download/근로계약서_홍길동_임꺽정_20250220_0db1ac3a72f94e6f830bbd15d0d8ef0a.pdf
2025-02-17 12:16:37,530 - INFO - 📝 문서 생성 요청 받음: contract_type='근로계약서' party_a='홍길동' party_b='임꺽정' contract_date='2025-02-20' additional_info='계약 기간은 2년이며, 월급은 300만원이다.'
2025-02-17 12:16:37,531 - INFO - 📄 문서 생성 시작: 근로계약서, 홍길동, 임꺽정, 2025-02-20
2025-02-17 12:16:37,531 - INFO - 🔍 EXAONE에 문서 요청: 근로계약서, 홍길동, 임꺽정, 2025-02-20
2025-02-17 12:17:23,399 - INFO - ✅ 문서 생성 완료
2025-02-17 12:17:23,827 - INFO - ✅ PDF 문서 저장 완료: ../document/근로계약서_홍길동_임꺽정_20250220_f1ea47fda964471fba6a321eb85dae93.pdf
2025-02-17 12:17:23,827 - INFO - ✅ 문서 생성 완료: http://localhost:8001/download/근로계약서_홍길동_임꺽정_20250220_f1ea47fda964471fba6a321eb85dae93.pdf
2025-02-17 12:27:33,919 - INFO - 🚀 FastAPI GPU 서버 시작됨
2025-02-17 12:31:07,685 - INFO - 📝 문서 생성 요청 받음: contract_type='근로계약서' party_a='홍길동' party_b='임꺽정' contract_date='2025-02-20' additional_info='계약 기간은 2년이며, 월급은 300만원이다.'
2025-02-17 12:31:07,686 - INFO - 📄 문서 생성 시작: 근로계약서, 홍길동, 임꺽정, 2025-02-20
2025-02-17 12:31:07,686 - INFO - 🔍 EXAONE에 문서 요청: 근로계약서, 홍길동, 임꺽정, 2025-02-20
2025-02-17 12:31:58,651 - INFO - ✅ 문서 생성 완료
2025-02-17 12:31:59,092 - INFO - ✅ PDF 문서 저장 완료: ../document/근로계약서_홍길동_임꺽정_20250220_8cd98bc32d7a42059ec4b012a886e247.pdf
2025-02-17 12:31:59,093 - INFO - ✅ 문서 생성 완료: https://port-0-lawyer-ai-m2eej1jqd8b44d66.sel4.cloudtype.app/download/근로계약서_홍길동_임꺽정_20250220_8cd98bc32d7a42059ec4b012a886e247.pdf
2025-02-17 12:38:20,068 - INFO - 🚀 FastAPI GPU 서버 시작됨
2025-02-17 12:38:25,788 - INFO - 📝 문서 생성 요청 받음: contract_type='근로계약서' party_a='홍길동' party_b='임꺽정' contract_date='2025-02-20' additional_info='계약 기간은 2년이며, 월급은 300만원이다.'
2025-02-17 12:38:25,789 - INFO - 📄 문서 생성 시작: 근로계약서, 홍길동, 임꺽정, 2025-02-20
2025-02-17 12:38:25,789 - INFO - 🔍 EXAONE에 문서 요청: 근로계약서, 홍길동, 임꺽정, 2025-02-20
2025-02-17 12:39:22,147 - INFO - ✅ 문서 생성 완료
2025-02-17 12:39:22,584 - INFO - ✅ PDF 문서 저장 완료: ../document/근로계약서_홍길동_임꺽정_20250220_268c1d622a144d30a664e675832541da.pdf
2025-02-17 12:39:22,585 - INFO - ✅ 문서 생성 완료: http://YOUR_PUBLIC_IP:8001/download/근로계약서_홍길동_임꺽정_20250220_268c1d622a144d30a664e675832541da.pdf
2025-02-17 12:49:08,698 - INFO - 🚀 FastAPI GPU 서버 시작됨
2025-02-17 12:49:44,517 - INFO - 📝 문서 생성 요청 받음: contract_type='근로계약서' party_a='홍길동' party_b='임꺽정' contract_date='2025-02-20' additional_info='계약 기간은 2년이며, 월급은 300만원이다.'
2025-02-17 12:49:44,518 - INFO - 📄 문서 생성 시작: 근로계약서, 홍길동, 임꺽정, 2025-02-20
2025-02-17 12:49:44,518 - INFO - 🔍 EXAONE에 문서 요청: 근로계약서, 홍길동, 임꺽정, 2025-02-20
2025-02-17 12:50:53,608 - INFO - ✅ 문서 생성 완료
2025-02-17 12:50:54,066 - INFO - ✅ PDF 문서 저장 완료: ../document/근로계약서_홍길동_임꺽정_20250220_20739e33898645f28f7aed238d0fe50e.pdf
2025-02-17 12:50:54,068 - INFO - ✅ 문서 생성 완료: https://port-0-lawyer-ai-m2eej1jqd8b44d66.sel4.cloudtype.app/download/근로계약서_홍길동_임꺽정_20250220_20739e33898645f28f7aed238d0fe50e.pdf
2025-02-17 13:32:33,814 - INFO - 🚀 FastAPI GPU 서버 시작됨
2025-02-17 13:32:40,584 - INFO - 📝 문서 생성 요청 받음: contract_type='근로계약서' party_a='홍길동' party_b='임꺽정' contract_date='2025-02-20' additional_info='계약 기간은 2년이며, 월급은 300만원이다.'
2025-02-17 13:32:40,585 - INFO - 📄 문서 생성 시작: 근로계약서, 홍길동, 임꺽정, 2025-02-20
2025-02-17 13:32:40,585 - INFO - 🔍 EXAONE에 문서 요청: 근로계약서, 홍길동, 임꺽정, 2025-02-20
2025-02-17 13:34:09,106 - INFO - ✅ 문서 생성 완료
2025-02-17 13:34:09,564 - INFO - ✅ PDF 문서 저장 완료: ../document/근로계약서_홍길동_임꺽정_20250220_eefd7b7c9b2f456eb91fb48859239b37.pdf
2025-02-17 13:34:09,566 - INFO - ✅ 문서 생성 완료: https://port-0-lawyer-ai-m2eej1jqd8b44d66.sel4.cloudtype.app/download/근로계약서_홍길동_임꺽정_20250220_eefd7b7c9b2f456eb91fb48859239b37.pdf
2025-02-17 13:38:28,131 - INFO - 🚀 FastAPI GPU 서버 시작됨
2025-02-17 13:38:32,532 - INFO - 📝 문서 생성 요청 받음: contract_type='근로계약서' party_a='홍길동' party_b='임꺽정' contract_date='2025-02-20' additional_info='계약 기간은 2년이며, 월급은 300만원이다.'
2025-02-17 13:38:32,533 - INFO - 📄 문서 생성 시작: 근로계약서, 홍길동, 임꺽정, 2025-02-20
2025-02-17 13:38:32,533 - INFO - 🔍 EXAONE에 문서 요청: 근로계약서, 홍길동, 임꺽정, 2025-02-20
2025-02-17 13:39:40,208 - INFO - ✅ 문서 생성 완료
2025-02-17 13:39:40,648 - INFO - ✅ PDF 문서 저장 완료: ../document/근로계약서_홍길동_임꺽정_20250220_423c6f2e06fb438b87b5940278f88c8b.pdf
2025-02-17 13:39:40,650 - INFO - ✅ PDF 저장 완료: download/근로계약서_홍길동_임꺽정_20250220_423c6f2e06fb438b87b5940278f88c8b.pdf
2025-02-17 13:39:40,651 - INFO - 📂 저장된 PDF 파일 확인: download/근로계약서_홍길동_임꺽정_20250220_423c6f2e06fb438b87b5940278f88c8b.pdf
2025-02-17 13:51:23,949 - INFO - 🚀 FastAPI GPU 서버 시작됨
2025-02-17 13:51:28,168 - INFO - 📝 문서 생성 요청 받음: contract_type='근로계약서' party_a='홍길동' party_b='임꺽정' contract_date='2025-02-20' additional_info='계약 기간은 2년이며, 월급은 300만원이다.'
2025-02-17 13:51:28,169 - INFO - 📄 문서 생성 시작: 근로계약서, 홍길동, 임꺽정, 2025-02-20
2025-02-17 13:51:28,169 - INFO - 🔍 EXAONE에 문서 요청: 근로계약서, 홍길동, 임꺽정, 2025-02-20
2025-02-17 13:52:43,308 - INFO - ✅ 문서 생성 완료
2025-02-17 13:52:43,765 - INFO - ✅ PDF 문서 저장 완료: ../document/근로계약서_홍길동_임꺽정_20250220_9cdbf59de1ee4f0f8c6c8cc650c7566b.pdf
2025-02-17 13:52:43,767 - INFO - ✅ PDF 저장 완료: /mnt/c/Users/박원빈/Desktop/TEST_lawyer.ai/generate/download/근로계약서_홍길동_임꺽정_20250220_9cdbf59de1ee4f0f8c6c8cc650c7566b.pdf
2025-02-17 13:52:43,768 - INFO - 📂 저장된 PDF 파일 확인: /mnt/c/Users/박원빈/Desktop/TEST_lawyer.ai/generate/download/근로계약서_홍길동_임꺽정_20250220_9cdbf59de1ee4f0f8c6c8cc650c7566b.pdf
2025-02-17 14:32:39,811 - INFO - 🚀 FastAPI GPU 서버 시작됨
2025-02-17 14:33:11,457 - INFO - 📝 문서 생성 요청 받음: contract_type='근로계약서' party_a='홍길동' party_b='임꺽정' contract_date='2025-02-20' additional_info='계약 기간은 2년이며, 월급은 300만원이다.'
2025-02-17 14:33:11,458 - INFO - 📄 문서 생성 시작: 근로계약서, 홍길동, 임꺽정, 2025-02-20
2025-02-17 14:33:11,458 - INFO - 🔍 EXAONE에 문서 요청: 근로계약서, 홍길동, 임꺽정, 2025-02-20
2025-02-17 14:34:23,195 - INFO - ✅ 문서 생성 완료
2025-02-17 14:34:23,639 - INFO - ✅ PDF 문서 저장 완료: ../document/근로계약서_홍길동_임꺽정_20250220_cbbbb30c653342b985d1e8a1f8936cd3.pdf
2025-02-17 14:34:23,641 - INFO - ✅ PDF 저장 완료: /mnt/c/Users/박원빈/Desktop/TEST_lawyer.ai/generate/download/근로계약서_홍길동_임꺽정_20250220_cbbbb30c653342b985d1e8a1f8936cd3.pdf
2025-02-17 14:36:58,533 - INFO - 🚀 FastAPI GPU 서버 시작됨
2025-02-17 14:37:01,585 - INFO - 📝 문서 생성 요청 받음: contract_type='근로계약서' party_a='홍길동' party_b='임꺽정' contract_date='2025-02-20' additional_info='계약 기간은 2년이며, 월급은 300만원이다.'
2025-02-17 14:37:01,586 - INFO - 📄 문서 생성 시작: 근로계약서, 홍길동, 임꺽정, 2025-02-20
2025-02-17 14:37:01,586 - INFO - 🔍 EXAONE에 문서 요청: 근로계약서, 홍길동, 임꺽정, 2025-02-20
2025-02-17 14:38:00,694 - INFO - ✅ 문서 생성 완료
2025-02-17 14:38:01,161 - INFO - ✅ PDF 문서 저장 완료: ../document/근로계약서_홍길동_임꺽정_20250220_a45627cfd98344cdb389ae06e42904ba.pdf
2025-02-17 14:38:01,163 - INFO - ✅ PDF 저장 완료: /mnt/c/Users/박원빈/Desktop/TEST_lawyer.ai/generate/download/근로계약서_홍길동_임꺽정_20250220_a45627cfd98344cdb389ae06e42904ba.pdf
2025-02-17 15:12:09,537 - INFO - 📝 문서 생성 요청 받음: contract_type='근로계약서' party_a='홍길동' party_b='임꺽정' contract_date='2025-02-20' additional_info='계약 기간은 2년이며, 월급은 300만원이다.'
2025-02-17 15:12:09,538 - INFO - 📄 문서 생성 시작: 근로계약서, 홍길동, 임꺽정, 2025-02-20
2025-02-17 15:12:09,539 - INFO - 🔍 EXAONE에 문서 요청: 근로계약서, 홍길동, 임꺽정, 2025-02-20
2025-02-17 15:13:12,284 - INFO - ✅ 문서 생성 완료
2025-02-17 15:13:12,729 - INFO - ✅ PDF 문서 저장 완료: ../document/근로계약서_홍길동_임꺽정_20250220_d8256f5763cc4ca6b6993afc326cfb91.pdf
2025-02-17 15:13:12,731 - INFO - ✅ PDF 저장 완료: /mnt/c/Users/박원빈/Desktop/TEST_lawyer.ai/generate/document/근로계약서_홍길동_임꺽정_20250220_d8256f5763cc4ca6b6993afc326cfb91.pdf
2025-02-17 15:17:34,919 - INFO - 📝 문서 생성 요청 받음: contract_type='근로계약서' party_a='홍길동' party_b='이순신' contract_date='2025-02-20' additional_info='계약 기간은 2년이며, 월급은 300만원이다.'
2025-02-17 15:17:34,920 - INFO - 📄 문서 생성 시작: 근로계약서, 홍길동, 이순신, 2025-02-20
2025-02-17 15:17:34,920 - INFO - 🔍 EXAONE에 문서 요청: 근로계약서, 홍길동, 이순신, 2025-02-20
2025-02-17 15:18:30,157 - INFO - ✅ 문서 생성 완료
2025-02-17 15:18:30,606 - INFO - ✅ PDF 문서 저장 완료: ../document/근로계약서_홍길동_이순신_20250220_2285565f81224ab18e051629f02873f8.pdf
2025-02-17 15:18:30,608 - INFO - ✅ PDF 저장 완료: /mnt/c/Users/박원빈/Desktop/TEST_lawyer.ai/generate/document/근로계약서_홍길동_이순신_20250220_2285565f81224ab18e051629f02873f8.pdf
2025-02-17 15:18:30,608 - INFO - 🔗 다운로드 링크: https://da24-59-11-23-160.ngrok-free.app/document/근로계약서_홍길동_이순신_20250220_2285565f81224ab18e051629f02873f8.pdf
2025-02-17 15:21:26,940 - INFO - 📝 문서 생성 요청 받음: contract_type='근로계약서' party_a='홍길동' party_b='이순신' contract_date='2025-02-20' additional_info='계약 기간은 2년이며, 월급은 300만원이다.'
2025-02-17 15:21:26,940 - INFO - 📄 문서 생성 시작: 근로계약서, 홍길동, 이순신, 2025-02-20
2025-02-17 15:21:26,940 - INFO - 🔍 EXAONE에 문서 요청: 근로계약서, 홍길동, 이순신, 2025-02-20
2025-02-17 15:22:37,046 - INFO - ✅ 문서 생성 완료
2025-02-17 15:22:37,355 - INFO - ✅ PDF 문서 저장 완료: ../document/근로계약서_홍길동_이순신_20250220_8e19c76a710c42b9b59474843d5fea61.pdf
2025-02-17 15:22:37,357 - INFO - ✅ PDF 저장 완료: /mnt/c/Users/박원빈/Desktop/TEST_lawyer.ai/generate/document/근로계약서_홍길동_이순신_20250220_8e19c76a710c42b9b59474843d5fea61.pdf
2025-02-17 15:22:37,357 - INFO - 🔗 다운로드 링크: https://da24-59-11-23-160.ngrok-free.app/document/근로계약서_홍길동_이순신_20250220_8e19c76a710c42b9b59474843d5fea61.pdf
2025-02-17 15:32:42,502 - INFO - 📝 질문 받음: 전세사기를 당했는데 어떻게 대처를 해야돼?
2025-02-17 16:10:03,461 - INFO - 📝 문서 생성 요청 받음: contract_type='근로계약서' party_a='홍길동' party_b='이순신' contract_date='2025-02-20' additional_info='계약 기간은 2년이며, 월급은 300만원이다.'
2025-02-17 16:10:03,462 - INFO - 📄 문서 생성 시작: 근로계약서, 홍길동, 이순신, 2025-02-20
2025-02-17 16:10:03,462 - INFO - 🔍 EXAONE에 문서 요청: 근로계약서, 홍길동, 이순신, 2025-02-20
2025-02-17 16:10:36,566 - INFO - ✅ 문서 생성 완료
2025-02-17 16:10:37,016 - INFO - ✅ PDF 문서 저장 완료: /mnt/c/Users/박원빈/Desktop/TEST_lawyer.ai/document/근로계약서_홍길동_이순신_20250220_d10e312d312f4c7c965f610992758819.pdf
2025-02-17 16:10:37,017 - INFO - ✅ PDF 저장 완료: /mnt/c/Users/박원빈/Desktop/TEST_lawyer.ai/document/근로계약서_홍길동_이순신_20250220_d10e312d312f4c7c965f610992758819.pdf
2025-02-17 16:10:37,017 - INFO - 🔗 다운로드 링크 생성 완료: https://da24-59-11-23-160.ngrok-free.app/document/근로계약서_홍길동_이순신_20250220_d10e312d312f4c7c965f610992758819.pdf
2025-02-17 16:27:49,295 - INFO - 📝 문서 생성 요청 받음: contract_type='근로계약서' party_a='박원빈' party_b='박성빈' contract_date='2025-02-20' additional_info='계약 기간은 2년이며, 월급은 300만원이다.'
2025-02-17 16:27:49,295 - INFO - 📄 문서 생성 시작: 근로계약서, 박원빈, 박성빈, 2025-02-20
2025-02-17 16:27:49,296 - INFO - 🔍 EXAONE에 문서 요청: 근로계약서, 박원빈, 박성빈, 2025-02-20
2025-02-17 16:28:12,852 - INFO - ✅ 문서 생성 완료
2025-02-17 16:28:13,288 - INFO - ✅ PDF 문서 저장 완료: /mnt/c/Users/박원빈/Desktop/TEST_lawyer.ai/document/근로계약서_박원빈_박성빈_20250220_dd3823bb425948049a9008ac7188e538.pdf
2025-02-17 16:28:13,289 - INFO - ✅ PDF 저장 완료: /mnt/c/Users/박원빈/Desktop/TEST_lawyer.ai/document/근로계약서_박원빈_박성빈_20250220_dd3823bb425948049a9008ac7188e538.pdf
2025-02-17 16:28:13,289 - INFO - 🔗 다운로드 링크 생성 완료: https://da24-59-11-23-160.ngrok-free.app/document/근로계약서_박원빈_박성빈_20250220_dd3823bb425948049a9008ac7188e538.pdf
2025-02-18 00:55:58,402 - INFO - 📝 질문 받음: 전세사기를 당했는데 어떻게 대처를 해야돼?
2025-02-18 00:55:58,404 - INFO - 🔍 관련 법률 및 판례 검색 시작
2025-02-18 00:55:59,433 - INFO - ✅ 관련 법률 검색 완료
2025-02-18 00:55:59,433 - INFO - 🤖 EXAONE 모델을 사용하여 답변 생성 중...
2025-02-18 00:57:03,981 - INFO - ✅ 답변 생성 완료
2025-02-18 00:59:04,085 - INFO - 📝 문서 생성 요청 받음: contract_type='근로계약서' party_a='홍길동' party_b='임꺽정' contract_date='2025-02-20' additional_info='계약 기간은 2년이며, 월급은 300만원이다, 입금일은 매월 15일로 한다.'
2025-02-18 00:59:04,085 - INFO - 📄 문서 생성 시작: 근로계약서, 홍길동, 임꺽정, 2025-02-20
2025-02-18 00:59:04,085 - INFO - 🔍 EXAONE에 문서 요청: 근로계약서, 홍길동, 임꺽정, 2025-02-20
2025-02-18 00:59:05,745 - INFO - ✅ 문서 생성 완료
2025-02-18 00:59:06,228 - INFO - ✅ PDF 문서 저장 완료: /mnt/c/Users/박원빈/Desktop/TEST_lawyer.ai/document/근로계약서_홍길동_임꺽정_20250220_90e40872da064e84bfbdf4278b5de11d.pdf
2025-02-18 00:59:06,230 - INFO - ✅ PDF 저장 완료: /mnt/c/Users/박원빈/Desktop/TEST_lawyer.ai/document/근로계약서_홍길동_임꺽정_20250220_90e40872da064e84bfbdf4278b5de11d.pdf
2025-02-18 00:59:06,230 - INFO - 🔗 다운로드 링크 생성 완료: https://da24-59-11-23-160.ngrok-free.app/document/근로계약서_홍길동_임꺽정_20250220_90e40872da064e84bfbdf4278b5de11d.pdf
2025-02-18 01:01:30,616 - INFO - 📝 질문 받음: 친구가 나한테 돈을 빌렸는데, 갑자기 못 갚는대. 계약서나 차용증은 없지만, 입금내역과 대화기록은 내가 가지고 있어.
2025-02-18 01:01:30,618 - INFO - 🔍 관련 법률 및 판례 검색 시작
2025-02-18 01:01:31,369 - INFO - ✅ 관련 법률 검색 완료
2025-02-18 01:01:31,369 - INFO - 🤖 EXAONE 모델을 사용하여 답변 생성 중...
2025-02-18 01:02:56,106 - INFO - ✅ 답변 생성 완료
2025-02-18 01:03:39,914 - INFO - 📝 질문 받음: 친구가 나한테 돈을 빌렸는데, 갑자기 못 갚는대. 계약서나 차용증은 없지만, 입금내역과 대화기록은 내가 가지고 있어.
2025-02-18 01:03:39,915 - INFO - 🔍 관련 법률 및 판례 검색 시작
2025-02-18 01:03:39,939 - INFO - ✅ 관련 법률 검색 완료
2025-02-18 01:03:39,939 - INFO - 🤖 EXAONE 모델을 사용하여 답변 생성 중...
2025-02-18 01:05:01,503 - INFO - ✅ 답변 생성 완료
2025-02-18 01:05:45,375 - INFO - 📝 질문 받음: 친구가 나한테 돈을 빌렸는데, 갑자기 못 갚는대. 계약서나 차용증은 없지만, 입금내역과 대화기록은 내가 가지고 있어.
2025-02-18 01:05:45,376 - INFO - 🔍 관련 법률 및 판례 검색 시작
2025-02-18 01:05:46,039 - INFO - ✅ 관련 법률 검색 완료
2025-02-18 01:05:46,039 - INFO - 🤖 EXAONE 모델을 사용하여 답변 생성 중...
2025-02-18 01:06:50,598 - INFO - ✅ 답변 생성 완료
2025-02-18 01:06:50,598 - INFO - 안녕하세요. 고객님께서 말씀하신 상황에 대해 법률적으로 검토해 보겠습니다.

### 상황 요약:
- **고객**이 친구에게 돈을 빌려주었으나, 친구가 갑작스럽게 갚지 못하겠다고 합니다.
- **증거**: 계약서나 차용증은 없지만, 입금 내역과 대화 기록이 남아 있습니다.

### 법률적 고려사항:
1. **민사채권의 성립 요건**:
   - 민법상 채권은 일반적으로 **"의사의 의사표시 + 법률행위 + 채무의 발생"**이라는 요소를 충족해야 합니다 (민법 제398조).
     - **의사표시**: 돈을 빌려줄 의사가 명확했어야 합니다.
     - **채무의 발생**: 돈을 실제로 빌려준 행위가 증명되어야 합니다.
   - **입금 내역과 대화 기록**: 이러한 증거는 채권의 존재를 간접적으로 입증하는 데 도움이 될 수 있습니다. 하지만, **계약서나 차용증 없이** 법적으로 확실한 채권을 주장하기는 어렵습니다.

2. **증거의 가치**:
   - **입금 내역**: 돈을 주고받았음을 보여주는 중요한 증거입니다. 하지만, 금액이나 날짜 등 구체적인 정보가 필요합니다.
   - **대화 기록**: 통화 내용이나 문자 메시지 등은 돈을 빌려준 사실을 간접적으로 증명할 수 있습니다. 특히, "돈을 갚겠다" 또는 "빌려줘 감사하다" 등의 표현이 포함된 메시지가 유용할 수 있습니다.

### 추천 조치:
1. **증거 수집 강화**:
   - 가능한 한 많은 입금 내역과 대화 기록을 체계적으로 정리하세요. 각 거래의 날짜, 금액, 상대방과의 대화 내용 등을 명확히 기록해 두세요.
   
2. **합의 시도**:
   - 친구와 직접 대화를 통해 상환 계획을 논의해 보세요. 일시적인 어려움이 있더라도 합의 하에 해결 방안을 찾는 것이 가장 바람직합니다.
   
3. **법률 자문 받기**:
   - 만약 친구가 계속 상환을 거부한다면, 전문 변호사와 상담하여 다음 단계를 결정하세요. 변호사의 도움을 받아 민사 소송을 진행할 경우, 현재 보유하고 있는 증거를 바탕으로 채권 성립 여부를 면밀히 검토
2025-02-18 13:31:08,926 - INFO - 📝 질문 받음: 지인이 돈을 안갚아요.
2025-02-18 13:31:08,927 - INFO - 🔍 관련 법률 및 판례 검색 시작
2025-02-18 13:31:09,809 - INFO - ✅ 관련 법률 검색 완료
2025-02-18 13:31:09,809 - INFO - 🤖 EXAONE 모델을 사용하여 답변 생성 중...
2025-02-18 13:32:04,763 - INFO - ✅ 답변 생성 완료
2025-02-18 13:32:04,763 - INFO - 지인분께서 돈을 안갚는 상대방에 대해 법적으로 대응하시려는 상황이시군요. 먼저 몇 가지 중요한 점을 짚어보겠습니다.

1. **민법 제750조 (불법행위의 원칙)**: 상대방이 불법 행위로 인해 금전적 손실이나 손해를 끼쳤다면, 민법상의 불법행위 손해배상 청구권이 적용될 수 있습니다. 특히, 지인분의 경우 일조 방해나 주거 환경 악화로 인한 경제적 손해와 정신적 피해가 입증된다면 민사소송을 통해 손해배상 청구가 가능합니다.
   - 예시 판례: 📌 사건번호: 2004노56440
       📌 판결 요지: "피고의 건축물 신축으로 인해 원고의 일조량이 현저히 감소하여 생활에 지장을 초래하였다는 주장은 상당 부분 사실에 부합한다." [구체적인 판례 번호 확인 필요]

2. **채권의 소멸시효**: 채무자가 일정 기간 동안 채무를 이행하지 않으면 법적으로 채권의 소멸시효가 완성되어 더 이상 법적 청구가 불가능해질 수 있습니다. 그러나 손해배상청구의 경우 일반적으로 소멸시효가 적용되지 않거나 짧은 편입니다. 구체적인 시효 기간은 상황에 따라 달라질 수 있으니, 정확한 정보는 법무사나 변호사에게 상담하시는 것이 좋습니다.
   - 예시 법률: 민법 제162조 (채권의 소멸시효) - 손해배상 청구 시 소멸시효는 상대적으로 짧음을 유의해야 합니다.

3. **소송 절차**: 민사소송을 제기하기 위해서는 소장을 작성하여 법원에 제출해야 합니다. 이때 소장에는 손해의 종류와 규모, 증거 자료 등을 명확히 기재해야 합니다. 또한 소송 과정에서 상대방의 재산 상태 조사나 증인 진술 등의 증거 수집이 필요할 수 있습니다.
   - **증거 확보**: 사진, 동영상, 건물 설계도면, 주민 testimonies(주민 증언), 전문가 감정 의견 등 다양한 증거 자료를 준비하시기 바랍니다.

### 구체적인 조언
1. **전문가 상담**: 먼저 변호사나 법률구조공단에 연락하여 현재 상황에 맞는 법률적 조언을 구하시는 것이 가장 안전합니다. 법률적 절차와 요건을 정확히 파악하고 준비하실 수 있도록 도움을 받으세요.
2. **증거 수집**: 손해의 정도와 원인을 입증할 수 있는
2025-02-18 13:38:33,450 - INFO - 📝 질문 받음: 지인이 돈을 안갚을때는 어떻게 해?
2025-02-18 13:38:33,451 - INFO - 🔍 관련 법률 및 판례 검색 시작
2025-02-18 13:38:34,064 - INFO - ✅ 관련 법률 검색 완료
2025-02-18 13:38:34,064 - INFO - 🤖 EXAONE 모델을 사용하여 답변 생성 중...
2025-02-18 13:39:28,455 - INFO - ✅ 답변 생성 완료
2025-02-18 14:31:08,488 - INFO - 📝 문서 생성 요청 받음: contract_type='contract' party_a='홍길동' party_b='임꺽정' contract_date='2025-02-19' additional_info='계약 기간은 2년이며, 월급은 300만원, 입금일은 매월 15일로 한다'
2025-02-18 14:31:08,489 - INFO - 📄 문서 생성 시작: contract, 홍길동, 임꺽정, 2025-02-19
2025-02-18 14:31:08,489 - INFO - 🔍 EXAONE에 문서 요청: contract, 홍길동, 임꺽정, 2025-02-19
2025-02-18 14:32:18,205 - INFO - ✅ 문서 생성 완료
2025-02-18 14:32:18,665 - INFO - ✅ PDF 문서 저장 완료: /mnt/c/Users/박원빈/Desktop/TEST_lawyer.ai/document/contract_홍길동_임꺽정_20250219_c002f10bfd7d4d78b3f7d060271b2d7c.pdf
2025-02-18 14:32:18,666 - INFO - ✅ PDF 저장 완료: /mnt/c/Users/박원빈/Desktop/TEST_lawyer.ai/document/contract_홍길동_임꺽정_20250219_c002f10bfd7d4d78b3f7d060271b2d7c.pdf
2025-02-18 14:32:18,666 - INFO - 🔗 다운로드 링크 생성 완료: https://da24-59-11-23-160.ngrok-free.app/document/contract_홍길동_임꺽정_20250219_c002f10bfd7d4d78b3f7d060271b2d7c.pdf
2025-02-18 14:48:56,179 - INFO - 📝 문서 생성 요청 받음: contract_type='계약서' party_a='홍길동' party_b='임꺽정' contract_date='2025-02-19' additional_info='계약 기간은 5년, 월급은 300만원, 입금일은 매월 15일로 한다.'
2025-02-18 14:48:56,180 - INFO - 📄 문서 생성 시작: 계약서, 홍길동, 임꺽정, 2025-02-19
2025-02-18 14:48:56,180 - INFO - 🔍 EXAONE에 문서 요청: 계약서, 홍길동, 임꺽정, 2025-02-19
2025-02-18 14:48:58,239 - INFO - ✅ 문서 생성 완료 (프롬프트 제거 완료)
2025-02-18 14:48:58,685 - INFO - ✅ PDF 문서 저장 완료: /mnt/c/Users/박원빈/Desktop/TEST_lawyer.ai/document/계약서_홍길동_임꺽정_20250219_90233c4712e946e98d6cfebf911fff66.pdf
2025-02-18 14:48:58,686 - INFO - ✅ PDF 저장 완료: /mnt/c/Users/박원빈/Desktop/TEST_lawyer.ai/document/계약서_홍길동_임꺽정_20250219_90233c4712e946e98d6cfebf911fff66.pdf
2025-02-18 14:48:58,686 - INFO - 🔗 다운로드 링크 생성 완료: https://da24-59-11-23-160.ngrok-free.app/document/계약서_홍길동_임꺽정_20250219_90233c4712e946e98d6cfebf911fff66.pdf
2025-02-18 15:08:17,676 - INFO - 📝 문서 생성 요청 받음: contract_type='계약서' party_a='홍길동' party_b='이순신' contract_date='2025-02-18' additional_info='계약기간은 2년으로 하고 월급은 300만원이다. 입금일을 매월 15일로한다'
2025-02-18 15:08:17,677 - INFO - 📄 문서 생성 시작: 계약서, 홍길동, 이순신, 2025-02-18
2025-02-18 15:08:17,677 - INFO - 🔍 EXAONE에 문서 요청: 계약서, 홍길동, 이순신, 2025-02-18
2025-02-18 15:09:09,788 - INFO - ✅ 문서 생성 완료 (프롬프트 제거 완료)
2025-02-18 15:09:10,245 - INFO - ✅ PDF 문서 저장 완료: /mnt/c/Users/박원빈/Desktop/TEST_lawyer.ai/document/계약서_홍길동_이순신_20250218_c6246773a7fc4181ab741724b77850a0.pdf
2025-02-18 15:09:10,246 - INFO - ✅ PDF 저장 완료: /mnt/c/Users/박원빈/Desktop/TEST_lawyer.ai/document/계약서_홍길동_이순신_20250218_c6246773a7fc4181ab741724b77850a0.pdf
2025-02-18 15:09:10,247 - INFO - 🔗 다운로드 링크 생성 완료: https://da24-59-11-23-160.ngrok-free.app/document/계약서_홍길동_이순신_20250218_c6246773a7fc4181ab741724b77850a0.pdf
2025-02-18 15:38:12,043 - ERROR - ❌ LOCAL_GPU_SERVER 환경 변수가 설정되지 않음!
2025-02-18 15:38:57,541 - ERROR - ❌ LOCAL_GPU_SERVER 환경 변수가 설정되지 않음!
2025-02-18 16:27:50,437 - INFO - 📝 문서 생성 요청 받음: contract_type='계약서' party_a='이순신' party_b='홍길동' contract_date='2025-02-19' additional_info='계약기간은 2년, 월급은 300만원'
2025-02-18 16:27:50,438 - INFO - 📄 문서 생성 시작: 계약서, 이순신, 홍길동, 2025-02-19
2025-02-18 16:27:50,438 - INFO - 🔍 EXAONE에 문서 요청: 계약서, 이순신, 홍길동, 2025-02-19
2025-02-18 16:28:07,436 - INFO - ✅ 문서 생성 완료 (프롬프트 제거 완료)
2025-02-18 16:28:07,891 - INFO - ✅ PDF 문서 저장 완료: /mnt/c/Users/박원빈/Desktop/TEST_lawyer.ai/document/계약서_이순신_홍길동_20250219_c862f3f8fb984e79992200e5603b8fa1.pdf
2025-02-18 16:28:07,892 - INFO - ✅ PDF 저장 완료: /mnt/c/Users/박원빈/Desktop/TEST_lawyer.ai/document/계약서_이순신_홍길동_20250219_c862f3f8fb984e79992200e5603b8fa1.pdf
2025-02-18 16:28:07,892 - INFO - 🔗 다운로드 링크 생성 완료: https://b64e-59-11-23-160.ngrok-free.app/document/계약서_이순신_홍길동_20250219_c862f3f8fb984e79992200e5603b8fa1.pdf
2025-02-18 16:38:36,336 - INFO - 📝 문서 생성 요청 받음: contract_type='계약서' party_a='둘리' party_b='길동이' contract_date='2025-02-20' additional_info='계약기간은 2년, 월급은 300만원, 입금일은 매월 15일로 한다.'
2025-02-18 16:38:36,337 - INFO - 📄 문서 생성 시작: 계약서, 둘리, 길동이, 2025-02-20
2025-02-18 16:38:36,337 - INFO - 🔍 EXAONE에 문서 요청: 계약서, 둘리, 길동이, 2025-02-20
2025-02-18 16:39:26,829 - INFO - ✅ 문서 생성 완료 (프롬프트 제거 완료)
2025-02-18 16:39:27,296 - INFO - ✅ PDF 문서 저장 완료: /mnt/c/Users/박원빈/Desktop/TEST_lawyer.ai/document/계약서_둘리_길동이_20250220_d61bb16c93274259bb641756446453fe.pdf
2025-02-18 16:39:27,297 - INFO - ✅ PDF 저장 완료: /mnt/c/Users/박원빈/Desktop/TEST_lawyer.ai/document/계약서_둘리_길동이_20250220_d61bb16c93274259bb641756446453fe.pdf
2025-02-18 16:39:27,297 - INFO - 🔗 다운로드 링크 생성 완료: https://b64e-59-11-23-160.ngrok-free.app/document/계약서_둘리_길동이_20250220_d61bb16c93274259bb641756446453fe.pdf
2025-02-18 16:52:39,295 - INFO - 📝 문서 생성 요청 받음: contract_type='계약서' party_a='둘리' party_b='길동이' contract_date='2025-02-19' additional_info='계약기간은 2년, 월급은 300만원, 입금일은 매월 15일로 한다.'
2025-02-18 16:52:39,296 - INFO - 📄 문서 생성 시작: 계약서, 둘리, 길동이, 2025-02-19
2025-02-18 16:52:39,296 - INFO - 🔍 EXAONE에 문서 요청: 계약서, 둘리, 길동이, 2025-02-19
2025-02-18 16:53:36,643 - INFO - ✅ 문서 생성 완료 (프롬프트 제거 완료)
2025-02-18 16:53:37,104 - INFO - ✅ PDF 문서 저장 완료: /mnt/c/Users/박원빈/Desktop/TEST_lawyer.ai/document/계약서_둘리_길동이_20250219_50ad3905284d42e7b1d3a08ffb3dd755.pdf
2025-02-18 16:53:37,106 - INFO - ✅ PDF 저장 완료: /mnt/c/Users/박원빈/Desktop/TEST_lawyer.ai/document/계약서_둘리_길동이_20250219_50ad3905284d42e7b1d3a08ffb3dd755.pdf
2025-02-18 16:53:37,106 - INFO - 🔗 다운로드 링크 생성 완료: https://b64e-59-11-23-160.ngrok-free.app/document/계약서_둘리_길동이_20250219_50ad3905284d42e7b1d3a08ffb3dd755.pdf
2025-02-18 16:58:02,440 - INFO - 📝 문서 생성 요청 받음: contract_type='계약서' party_a='둘리' party_b='길동이' contract_date='2025-02-19' additional_info='계약기간은 2년, 월급은 300만원, 입금일은 매월 15일로 한다.'
2025-02-18 16:58:02,441 - INFO - 📄 문서 생성 시작: 계약서, 둘리, 길동이, 2025-02-19
2025-02-18 16:58:02,442 - INFO - 🔍 EXAONE에 문서 요청: 계약서, 둘리, 길동이, 2025-02-19
2025-02-18 16:58:32,205 - INFO - ✅ 문서 생성 완료 (프롬프트 제거 완료)
2025-02-18 16:58:32,670 - INFO - ✅ PDF 문서 저장 완료: /mnt/c/Users/박원빈/Desktop/TEST_lawyer.ai/document/계약서_둘리_길동이_20250219_1339205d45474037bbefe71655f1fa97.pdf
2025-02-18 16:58:32,671 - INFO - ✅ PDF 저장 완료: /mnt/c/Users/박원빈/Desktop/TEST_lawyer.ai/document/계약서_둘리_길동이_20250219_1339205d45474037bbefe71655f1fa97.pdf
2025-02-18 16:58:32,672 - INFO - 🔗 다운로드 링크 생성 완료: https://b64e-59-11-23-160.ngrok-free.app/document/계약서_둘리_길동이_20250219_1339205d45474037bbefe71655f1fa97.pdf
2025-02-18 17:02:55,221 - INFO - 📝 문서 생성 요청 받음: contract_type='계약서' party_a='둘리' party_b='길동이' contract_date='2025-02-20' additional_info='계약기간은 2년, 월급은 300만원, 입금일은 매월 15일로 한다.'
2025-02-18 17:02:55,222 - INFO - 📄 문서 생성 시작: 계약서, 둘리, 길동이, 2025-02-20
2025-02-18 17:02:55,222 - INFO - 🔍 EXAONE에 문서 요청: 계약서, 둘리, 길동이, 2025-02-20
2025-02-18 17:03:32,553 - INFO - ✅ 문서 생성 완료 (프롬프트 및 불필요한 텍스트 제거 완료)
2025-02-18 17:03:32,996 - INFO - ✅ PDF 문서 저장 완료: /mnt/c/Users/박원빈/Desktop/TEST_lawyer.ai/document/계약서_둘리_길동이_20250220_29a5e15fcf09458aa668f19f2497fc1c.pdf
2025-02-18 17:03:32,997 - INFO - ✅ PDF 저장 완료: /mnt/c/Users/박원빈/Desktop/TEST_lawyer.ai/document/계약서_둘리_길동이_20250220_29a5e15fcf09458aa668f19f2497fc1c.pdf
2025-02-18 17:03:32,997 - INFO - 🔗 다운로드 링크 생성 완료: https://b64e-59-11-23-160.ngrok-free.app/document/계약서_둘리_길동이_20250220_29a5e15fcf09458aa668f19f2497fc1c.pdf
2025-02-18 21:52:24,628 - INFO - 📝 문서 생성 요청 받음: contract_type='합의서' party_a='홍길동' party_b='임꺽정' contract_date='2025-02-20' additional_info='이번 사건을 1000만원으로 합의를 봄'
2025-02-18 21:52:24,629 - INFO - 📄 문서 생성 시작: 합의서, 홍길동, 임꺽정, 2025-02-20
2025-02-18 21:52:24,629 - INFO - 🔍 EXAONE에 문서 요청: 합의서, 홍길동, 임꺽정, 2025-02-20
2025-02-18 21:52:46,920 - INFO - ✅ 문서 생성 완료 (프롬프트 및 불필요한 텍스트 제거 완료)
2025-02-18 21:52:47,352 - INFO - ✅ PDF 문서 저장 완료: /mnt/c/Users/박원빈/Desktop/TEST_lawyer.ai/document/합의서_홍길동_임꺽정_20250220_d18a98a9f4614ef1b996f21208066a5e.pdf
2025-02-18 21:52:47,353 - INFO - ✅ PDF 저장 완료: /mnt/c/Users/박원빈/Desktop/TEST_lawyer.ai/document/합의서_홍길동_임꺽정_20250220_d18a98a9f4614ef1b996f21208066a5e.pdf
2025-02-18 21:52:47,353 - INFO - 🔗 다운로드 링크 생성 완료: https://f02b-59-11-23-160.ngrok-free.app/document/합의서_홍길동_임꺽정_20250220_d18a98a9f4614ef1b996f21208066a5e.pdf
2025-02-18 21:54:11,376 - INFO - 📝 질문 받음: 건물 계단에서 내려오다가 미끄러져서 넘어져서 허리를 다쳤는데, 건물주에게 책임을 물을 수 있을까?
2025-02-18 21:54:11,376 - INFO - 🔍 관련 법률 및 판례 검색 시작
2025-02-18 21:54:12,108 - INFO - ✅ 관련 법률 검색 완료
2025-02-18 21:54:12,109 - INFO - 🤖 EXAONE 모델을 사용하여 답변 생성 중...
2025-02-18 21:55:15,553 - INFO - ✅ 답변 생성 완료
2025-02-18 21:55:47,760 - INFO - 📝 질문 받음: 건물 계단에서 내려오다가 넘어져서 허리를 다쳤는데, 건물주에게 책임을 물을 수 있을까?
2025-02-18 21:55:47,761 - INFO - 🔍 관련 법률 및 판례 검색 시작
2025-02-18 21:55:47,783 - INFO - ✅ 관련 법률 검색 완료
2025-02-18 21:55:47,783 - INFO - 🤖 EXAONE 모델을 사용하여 답변 생성 중...
2025-02-18 21:55:48,257 - ERROR - ❌ 서버 내부 오류 발생
Traceback (most recent call last):
  File "/mnt/c/Users/박원빈/Desktop/TEST_lawyer.ai/generate/server.py", line 79, in gpu_ask
    response = generate_answer(user_query, relevant_docs, sources, scores)
               ^^^^^^^^^^^^^^^^^^^^^^^^^^^^^^^^^^^^^^^^^^^^^^^^^^^^^^^^^^^
  File "/mnt/c/Users/박원빈/Desktop/TEST_lawyer.ai/generate/answer.py", line 60, in generate_answer
    output = model.generate(
             ^^^^^^^^^^^^^^^
  File "/home/urbantour0809/anaconda3/envs/gpu/lib/python3.12/site-packages/torch/utils/_contextlib.py", line 116, in decorate_context
    return func(*args, **kwargs)
           ^^^^^^^^^^^^^^^^^^^^^
  File "/home/urbantour0809/anaconda3/envs/gpu/lib/python3.12/site-packages/transformers/generation/utils.py", line 2255, in generate
    result = self._sample(
             ^^^^^^^^^^^^^
  File "/home/urbantour0809/anaconda3/envs/gpu/lib/python3.12/site-packages/transformers/generation/utils.py", line 3254, in _sample
    outputs = self(**model_inputs, return_dict=True)
              ^^^^^^^^^^^^^^^^^^^^^^^^^^^^^^^^^^^^^^
  File "/home/urbantour0809/anaconda3/envs/gpu/lib/python3.12/site-packages/torch/nn/modules/module.py", line 1739, in _wrapped_call_impl
    return self._call_impl(*args, **kwargs)
           ^^^^^^^^^^^^^^^^^^^^^^^^^^^^^^^^
  File "/home/urbantour0809/anaconda3/envs/gpu/lib/python3.12/site-packages/torch/nn/modules/module.py", line 1750, in _call_impl
    return forward_call(*args, **kwargs)
           ^^^^^^^^^^^^^^^^^^^^^^^^^^^^^
  File "/home/urbantour0809/.cache/huggingface/modules/transformers_modules/LGAI-EXAONE/EXAONE-3.5-2.4B-Instruct/e949c91dec92095908d34e6b560af77dd0c993f8/modeling_exaone.py", line 1080, in forward
    lm_logits = lm_logits.float()
                ^^^^^^^^^^^^^^^^^
RuntimeError: CUDA error: unknown error
CUDA kernel errors might be asynchronously reported at some other API call, so the stacktrace below might be incorrect.
For debugging consider passing CUDA_LAUNCH_BLOCKING=1
Compile with `TORCH_USE_CUDA_DSA` to enable device-side assertions.

2025-02-18 21:58:40,807 - INFO - 📝 문서 생성 요청 받음: contract_type='계약서' party_a='홍길동' party_b='임꺽정' contract_date='2025-02-20' additional_info='계약기간은 5년, 월급은 350만원, 입금일은 매월 15일로 한다.'
2025-02-18 21:58:40,808 - INFO - 📄 문서 생성 시작: 계약서, 홍길동, 임꺽정, 2025-02-20
2025-02-18 21:58:40,808 - INFO - 🔍 EXAONE에 문서 요청: 계약서, 홍길동, 임꺽정, 2025-02-20
2025-02-18 21:59:04,533 - INFO - ✅ 문서 생성 완료 (프롬프트 및 불필요한 텍스트 제거 완료)
2025-02-18 21:59:04,832 - INFO - ✅ PDF 문서 저장 완료: /mnt/c/Users/박원빈/Desktop/TEST_lawyer.ai/document/계약서_홍길동_임꺽정_20250220_b1823252e0254640b7d352d98bd26352.pdf
2025-02-18 21:59:04,834 - INFO - ✅ PDF 저장 완료: /mnt/c/Users/박원빈/Desktop/TEST_lawyer.ai/document/계약서_홍길동_임꺽정_20250220_b1823252e0254640b7d352d98bd26352.pdf
2025-02-18 21:59:04,834 - INFO - 🔗 다운로드 링크 생성 완료: https://f02b-59-11-23-160.ngrok-free.app/document/계약서_홍길동_임꺽정_20250220_b1823252e0254640b7d352d98bd26352.pdf
2025-02-18 22:18:30,301 - INFO - 📝 문서 생성 요청 받음: contract_type='계약서' party_a='홍길동' party_b='둘리' contract_date='2025-02-20' additional_info='계약 기간은 5년, 월급은 400만원, 입금일은 매월 16일로 한다.'
2025-02-18 22:18:30,301 - INFO - 📄 문서 생성 시작: 계약서, 홍길동, 둘리, 2025-02-20
2025-02-18 22:18:30,302 - INFO - 🔍 EXAONE에 문서 요청: 계약서, 홍길동, 둘리, 2025-02-20
2025-02-18 22:18:52,079 - INFO - ✅ 문서 생성 완료 (프롬프트 및 불필요한 텍스트 제거 완료)
2025-02-18 22:18:52,522 - INFO - ✅ PDF 문서 저장 완료: /mnt/c/Users/박원빈/Desktop/TEST_lawyer.ai/document/계약서_홍길동_둘리_20250220_55fb4792274549b1a08a07c5acb06b5f.pdf
2025-02-18 22:18:52,523 - INFO - ✅ PDF 저장 완료: /mnt/c/Users/박원빈/Desktop/TEST_lawyer.ai/document/계약서_홍길동_둘리_20250220_55fb4792274549b1a08a07c5acb06b5f.pdf
2025-02-18 22:18:52,523 - INFO - 🔗 다운로드 링크 생성 완료: https://f02b-59-11-23-160.ngrok-free.app/document/계약서_홍길동_둘리_20250220_55fb4792274549b1a08a07c5acb06b5f.pdf
2025-02-19 22:17:35,740 - INFO - 📝 문서 생성 요청 받음: contract_type='근로계약서' party_a='홍길동' party_b='임꺽정' contract_date='2025-02-20' additional_info='계약 기간은 2년이며, 월급은 300만원이다, 입금일은 매월 15일로 한다.'
2025-02-19 22:17:35,741 - INFO - 📄 문서 생성 시작: 근로계약서, 홍길동, 임꺽정, 2025-02-20
2025-02-19 22:17:35,741 - INFO - 🔍 EXAONE에 문서 요청: 근로계약서, 홍길동, 임꺽정, 2025-02-20
2025-02-19 22:18:10,649 - INFO - ✅ 문서 생성 완료 (프롬프트 및 불필요한 텍스트 제거 완료)
2025-02-19 22:18:11,159 - INFO - ✅ PDF 문서 저장 완료: /mnt/c/Users/박원빈/Desktop/TEST_lawyer.ai/document/근로계약서_홍길동_임꺽정_20250220_c32a5d98f3944f158911fe55e616a5d3.pdf
2025-02-19 22:18:11,161 - INFO - ✅ PDF 저장 완료: /mnt/c/Users/박원빈/Desktop/TEST_lawyer.ai/document/근로계약서_홍길동_임꺽정_20250220_c32a5d98f3944f158911fe55e616a5d3.pdf
2025-02-19 22:18:11,161 - INFO - 🔗 다운로드 링크 생성 완료: https://2512-59-11-23-160.ngrok-free.app/document/근로계약서_홍길동_임꺽정_20250220_c32a5d98f3944f158911fe55e616a5d3.pdf
2025-02-19 22:18:39,437 - INFO - 📝 질문 받음: 친구가 나한테 돈을 빌렸는데, 갑자기 못 갚는대. 계약서나 차용증은 없지만, 입금내역과 대화기록은 내가 가지고 있어.
2025-02-19 22:18:39,437 - INFO - 🔍 관련 법률 및 판례 검색 시작
2025-02-19 22:18:40,203 - INFO - ✅ 관련 법률 검색 완료
2025-02-19 22:18:40,203 - INFO - 🤖 EXAONE 모델을 사용하여 답변 생성 중...
2025-02-19 22:20:06,453 - INFO - ✅ 답변 생성 완료
2025-02-20 09:44:14,616 - INFO - 📝 문서 생성 요청 받음: contract_type='계약서' party_a='손흥민' party_b='메시' contract_date='2025-02-21' additional_info='계약기간은 2년, 월급은 250만원, 입금일은 매월 21일로 한다.'
2025-02-20 09:44:14,617 - INFO - 📄 문서 생성 시작: 계약서, 손흥민, 메시, 2025-02-21
2025-02-20 09:44:14,617 - INFO - 🔍 EXAONE에 문서 요청: 계약서, 손흥민, 메시, 2025-02-21
2025-02-20 09:44:41,101 - INFO - ✅ 문서 생성 완료 (프롬프트 및 불필요한 텍스트 제거 완료)
2025-02-20 09:44:41,577 - INFO - ✅ PDF 문서 저장 완료: /mnt/c/Users/박원빈/Desktop/TEST_lawyer.ai/document/계약서_손흥민_메시_20250221_92e938e57a7846cfa9846e6594189c79.pdf
2025-02-20 09:44:41,578 - INFO - ✅ PDF 저장 완료: /mnt/c/Users/박원빈/Desktop/TEST_lawyer.ai/document/계약서_손흥민_메시_20250221_92e938e57a7846cfa9846e6594189c79.pdf
2025-02-20 09:44:41,579 - INFO - 🔗 다운로드 링크 생성 완료: https://7e63-59-11-23-160.ngrok-free.app/document/계약서_손흥민_메시_20250221_92e938e57a7846cfa9846e6594189c79.pdf
2025-02-20 09:46:13,067 - INFO - 📝 질문 받음: 친구가 나한테 돈을 빌렸는데, 갑자기 못 갚는대. 계약서나 차용증은 없지만, 입금내역과 대화기록은 내가 가지고 있어.
2025-02-20 09:46:13,067 - INFO - 🔍 관련 법률 및 판례 검색 시작
2025-02-20 09:46:13,713 - INFO - ✅ 관련 법률 검색 완료
2025-02-20 09:46:13,713 - INFO - 🤖 EXAONE 모델을 사용하여 답변 생성 중...
2025-02-20 09:46:35,662 - INFO - ✅ 답변 생성 완료
2025-02-20 10:56:15,625 - INFO - 📝 문서 생성 요청 받음: contract_type='계약서' party_a='홍길동' party_b='임꺽정' contract_date='2025-02-21' additional_info='월급은 250만원, 계약 기간은 2년, 입금일은 매월 15일로 한다.'
2025-02-20 10:56:15,626 - ERROR - ❌ SERVER_URL이 설정되지 않았습니다.
2025-02-20 11:06:32,528 - INFO - 📝 문서 생성 요청 받음: contract_type='계약서' party_a='홍길동' party_b='임꺽정' contract_date='2025-02-21' additional_info='월급은 250만원, 계약 기간은 2년, 입금일은 매월 15일로 한다.' server_url='http://localhost:8000'
2025-02-20 11:06:32,530 - ERROR - ❌ 문서 생성 중 오류 발생
Traceback (most recent call last):
  File "/home/urbantour0809/anaconda3/envs/gpu/lib/python3.12/site-packages/urllib3/connection.py", line 198, in _new_conn
    sock = connection.create_connection(
           ^^^^^^^^^^^^^^^^^^^^^^^^^^^^^
  File "/home/urbantour0809/anaconda3/envs/gpu/lib/python3.12/site-packages/urllib3/util/connection.py", line 85, in create_connection
    raise err
  File "/home/urbantour0809/anaconda3/envs/gpu/lib/python3.12/site-packages/urllib3/util/connection.py", line 73, in create_connection
    sock.connect(sa)
ConnectionRefusedError: [Errno 111] Connection refused

The above exception was the direct cause of the following exception:

Traceback (most recent call last):
  File "/home/urbantour0809/anaconda3/envs/gpu/lib/python3.12/site-packages/urllib3/connectionpool.py", line 787, in urlopen
    response = self._make_request(
               ^^^^^^^^^^^^^^^^^^^
  File "/home/urbantour0809/anaconda3/envs/gpu/lib/python3.12/site-packages/urllib3/connectionpool.py", line 493, in _make_request
    conn.request(
  File "/home/urbantour0809/anaconda3/envs/gpu/lib/python3.12/site-packages/urllib3/connection.py", line 445, in request
    self.endheaders()
  File "/home/urbantour0809/anaconda3/envs/gpu/lib/python3.12/http/client.py", line 1314, in endheaders
    self._send_output(message_body, encode_chunked=encode_chunked)
  File "/home/urbantour0809/anaconda3/envs/gpu/lib/python3.12/http/client.py", line 1074, in _send_output
    self.send(msg)
  File "/home/urbantour0809/anaconda3/envs/gpu/lib/python3.12/http/client.py", line 1018, in send
    self.connect()
  File "/home/urbantour0809/anaconda3/envs/gpu/lib/python3.12/site-packages/urllib3/connection.py", line 276, in connect
    self.sock = self._new_conn()
                ^^^^^^^^^^^^^^^^
  File "/home/urbantour0809/anaconda3/envs/gpu/lib/python3.12/site-packages/urllib3/connection.py", line 213, in _new_conn
    raise NewConnectionError(
urllib3.exceptions.NewConnectionError: <urllib3.connection.HTTPConnection object at 0x7f3e5b4f2420>: Failed to establish a new connection: [Errno 111] Connection refused

The above exception was the direct cause of the following exception:

Traceback (most recent call last):
  File "/home/urbantour0809/anaconda3/envs/gpu/lib/python3.12/site-packages/requests/adapters.py", line 667, in send
    resp = conn.urlopen(
           ^^^^^^^^^^^^^
  File "/home/urbantour0809/anaconda3/envs/gpu/lib/python3.12/site-packages/urllib3/connectionpool.py", line 841, in urlopen
    retries = retries.increment(
              ^^^^^^^^^^^^^^^^^^
  File "/home/urbantour0809/anaconda3/envs/gpu/lib/python3.12/site-packages/urllib3/util/retry.py", line 519, in increment
    raise MaxRetryError(_pool, url, reason) from reason  # type: ignore[arg-type]
    ^^^^^^^^^^^^^^^^^^^^^^^^^^^^^^^^^^^^^^^^^^^^^^^^^^^
urllib3.exceptions.MaxRetryError: HTTPConnectionPool(host='localhost', port=8000): Max retries exceeded with url: /get-local-gpu-server (Caused by NewConnectionError('<urllib3.connection.HTTPConnection object at 0x7f3e5b4f2420>: Failed to establish a new connection: [Errno 111] Connection refused'))

During handling of the above exception, another exception occurred:

Traceback (most recent call last):
  File "/mnt/c/Users/박원빈/Desktop/TEST_lawyer.ai/generate/server.py", line 130, in generate_contract
    response = requests.get(f"{data.server_url}/get-local-gpu-server")
               ^^^^^^^^^^^^^^^^^^^^^^^^^^^^^^^^^^^^^^^^^^^^^^^^^^^^^^^
  File "/home/urbantour0809/anaconda3/envs/gpu/lib/python3.12/site-packages/requests/api.py", line 73, in get
    return request("get", url, params=params, **kwargs)
           ^^^^^^^^^^^^^^^^^^^^^^^^^^^^^^^^^^^^^^^^^^^^
  File "/home/urbantour0809/anaconda3/envs/gpu/lib/python3.12/site-packages/requests/api.py", line 59, in request
    return session.request(method=method, url=url, **kwargs)
           ^^^^^^^^^^^^^^^^^^^^^^^^^^^^^^^^^^^^^^^^^^^^^^^^^
  File "/home/urbantour0809/anaconda3/envs/gpu/lib/python3.12/site-packages/requests/sessions.py", line 589, in request
    resp = self.send(prep, **send_kwargs)
           ^^^^^^^^^^^^^^^^^^^^^^^^^^^^^^
  File "/home/urbantour0809/anaconda3/envs/gpu/lib/python3.12/site-packages/requests/sessions.py", line 703, in send
    r = adapter.send(request, **kwargs)
        ^^^^^^^^^^^^^^^^^^^^^^^^^^^^^^^
  File "/home/urbantour0809/anaconda3/envs/gpu/lib/python3.12/site-packages/requests/adapters.py", line 700, in send
    raise ConnectionError(e, request=request)
requests.exceptions.ConnectionError: HTTPConnectionPool(host='localhost', port=8000): Max retries exceeded with url: /get-local-gpu-server (Caused by NewConnectionError('<urllib3.connection.HTTPConnection object at 0x7f3e5b4f2420>: Failed to establish a new connection: [Errno 111] Connection refused'))
2025-02-20 11:14:42,564 - INFO - 📝 문서 생성 요청 받음: contract_type='계약서' party_a='세종' party_b='이순신' contract_date='2025-02-21' additional_info='월급은 250만원, 계약 기간은 2년, 입금일은 매월 15일로 한다.' server_url='https://port-0-lawyer-ai-m2eej1jqd8b44d66.sel4.cloudtype.app'
2025-02-20 11:15:39,203 - ERROR - ❌ 서버 URL을 받아오는데 실패했습니다.
2025-02-20 11:26:01,895 - INFO - 📝 문서 생성 요청 받음: contract_type='계약서' party_a='세종' party_b='이순신' contract_date='2025-02-21' additional_info='월급은 250만원, 계약 기간은 2년, 입금일은 매월 15일로 한다.' server_url='https://7e63-59-11-23-160.ngrok-free.app'
2025-02-20 11:26:01,896 - INFO - 📄 문서 생성 시작: 계약서, 세종, 이순신, 2025-02-21
2025-02-20 11:26:01,896 - INFO - 🔍 EXAONE에 문서 요청: 계약서, 세종, 이순신, 2025-02-21
2025-02-20 11:26:19,822 - INFO - ✅ 문서 생성 완료 (프롬프트 및 불필요한 텍스트 제거 완료)
2025-02-20 11:26:20,310 - INFO - ✅ PDF 문서 저장 완료: /mnt/c/Users/박원빈/Desktop/TEST_lawyer.ai/document/계약서_세종_이순신_20250221_d562f080af6f4fac9c3b418c419c4dad.pdf
2025-02-20 11:26:20,311 - INFO - ✅ PDF 저장 완료: /mnt/c/Users/박원빈/Desktop/TEST_lawyer.ai/document/계약서_세종_이순신_20250221_d562f080af6f4fac9c3b418c419c4dad.pdf
2025-02-20 11:26:20,311 - INFO - 🔗 다운로드 링크 생성 완료: https://7e63-59-11-23-160.ngrok-free.app/document/계약서_세종_이순신_20250221_d562f080af6f4fac9c3b418c419c4dad.pdf
2025-02-20 11:44:33,752 - INFO - 📝 문서 생성 요청 받음: contract_type='계약서' party_a='둘리' party_b='마이콜' contract_date='2025-02-21' additional_info='월급은 250만원, 계약 기간은 2년, 입금일은 매월 15일로 한다.' server_url='https://7e63-59-11-23-160.ngrok-free.app'
2025-02-20 11:44:33,753 - INFO - 📄 문서 생성 시작: 계약서, 둘리, 마이콜, 2025-02-21
2025-02-20 11:44:33,753 - INFO - 🔍 EXAONE에 문서 요청: 계약서, 둘리, 마이콜, 2025-02-21
2025-02-20 11:44:52,637 - INFO - ✅ 문서 생성 완료 (프롬프트 및 불필요한 텍스트 제거 완료)
2025-02-20 11:44:53,123 - INFO - ✅ PDF 문서 저장 완료: /mnt/c/Users/박원빈/Desktop/TEST_lawyer.ai/document/계약서_둘리_마이콜_20250221_21c2a7e428be40d18fa5b90750e8386e.pdf
2025-02-20 11:44:53,124 - INFO - ✅ PDF 저장 완료: /mnt/c/Users/박원빈/Desktop/TEST_lawyer.ai/document/계약서_둘리_마이콜_20250221_21c2a7e428be40d18fa5b90750e8386e.pdf
2025-02-20 11:44:53,124 - INFO - 🔗 다운로드 링크 생성 완료: https://7e63-59-11-23-160.ngrok-free.app/document/계약서_둘리_마이콜_20250221_21c2a7e428be40d18fa5b90750e8386e.pdf
2025-02-20 12:15:33,871 - INFO - 📝 문서 생성 요청 받음: contract_type='계약서' party_a='둘리' party_b='마이콜' contract_date='2025-02-21' additional_info='월급은 250만원, 계약 기간은 2년, 입금일은 매월 15일로 한다.' server_url='https://7e63-59-11-23-160.ngrok-free.app'
2025-02-20 12:15:33,872 - INFO - 📄 문서 생성 시작: 계약서, 둘리, 마이콜, 2025-02-21
2025-02-20 12:15:33,872 - INFO - 🔍 EXAONE에 문서 요청: 계약서, 둘리, 마이콜, 2025-02-21
2025-02-20 12:15:52,830 - INFO - ✅ 문서 생성 완료 (프롬프트 및 불필요한 텍스트 제거 완료)
2025-02-20 12:15:53,341 - INFO - ✅ PDF 문서 저장 완료: /mnt/c/Users/박원빈/Desktop/TEST_lawyer.ai/document/계약서_둘리_마이콜_20250221_39aa8bec43fd42eaa2144279ddc8fad4.pdf
2025-02-20 12:15:53,342 - INFO - ✅ PDF 저장 완료: /mnt/c/Users/박원빈/Desktop/TEST_lawyer.ai/document/계약서_둘리_마이콜_20250221_39aa8bec43fd42eaa2144279ddc8fad4.pdf
2025-02-20 12:15:53,342 - INFO - 🔗 다운로드 링크 생성 완료: https://7e63-59-11-23-160.ngrok-free.app/document/계약서_둘리_마이콜_20250221_39aa8bec43fd42eaa2144279ddc8fad4.pdf
2025-02-20 12:44:17,212 - INFO - 📝 질문 받음: 전세 사기를 당했어요.
2025-02-20 12:44:17,213 - INFO - 🔍 관련 법률 및 판례 검색 시작
2025-02-20 12:44:17,644 - INFO - ✅ 관련 법률 검색 완료
2025-02-20 12:44:17,644 - INFO - 🤖 EXAONE 모델을 사용하여 답변 생성 중...
2025-02-20 12:44:40,244 - INFO - ✅ 답변 생성 완료
2025-02-20 12:46:27,501 - INFO - 📝 질문 받음: 전세사기를 당했는데 대처 법을 좀 알려줘
2025-02-20 12:46:27,501 - INFO - 🔍 관련 법률 및 판례 검색 시작
2025-02-20 12:46:27,523 - INFO - ✅ 관련 법률 검색 완료
2025-02-20 12:46:27,523 - INFO - 🤖 EXAONE 모델을 사용하여 답변 생성 중...
2025-02-20 12:46:48,933 - INFO - ✅ 답변 생성 완료
2025-02-20 12:49:18,885 - INFO - 📝 질문 받음: 친구한테 돈을 빌려줬는데, 갑자기 돈을 못 갚겠대. 계약서나 차용증은 없는데 입금내역과 대화기록은 가지고 있어.
2025-02-20 12:49:18,885 - INFO - 🔍 관련 법률 및 판례 검색 시작
2025-02-20 12:49:18,904 - INFO - ✅ 관련 법률 검색 완료
2025-02-20 12:49:18,905 - INFO - 🤖 EXAONE 모델을 사용하여 답변 생성 중...
2025-02-20 12:49:44,124 - INFO - ✅ 답변 생성 완료
2025-02-20 13:45:59,429 - INFO - 📝 문서 생성 요청 받음: contract_type='계약서' party_a='홍길동' party_b='임꺽정' contract_date='2025-02-21' additional_info='월급은 300만원, 계약 기간은 3년, 입금일은 매월 5일로 한다.' server_url='https://7e63-59-11-23-160.ngrok-free.app'
2025-02-20 13:45:59,429 - INFO - 📄 문서 생성 시작: 계약서, 홍길동, 임꺽정, 2025-02-21
2025-02-20 13:45:59,430 - INFO - 🔍 EXAONE에 문서 요청: 계약서, 홍길동, 임꺽정, 2025-02-21
2025-02-20 13:46:24,051 - INFO - ✅ 문서 생성 완료 (프롬프트 및 불필요한 텍스트 제거 완료)
2025-02-20 13:46:24,534 - INFO - ✅ PDF 문서 저장 완료: /mnt/c/Users/박원빈/Desktop/TEST_lawyer.ai/document/계약서_홍길동_임꺽정_20250221_02479c97a5c149c282fb7b562c99edc9.pdf
2025-02-20 13:46:24,535 - INFO - ✅ PDF 저장 완료: /mnt/c/Users/박원빈/Desktop/TEST_lawyer.ai/document/계약서_홍길동_임꺽정_20250221_02479c97a5c149c282fb7b562c99edc9.pdf
2025-02-20 13:46:24,536 - INFO - 🔗 다운로드 링크 생성 완료: https://7e63-59-11-23-160.ngrok-free.app/document/계약서_홍길동_임꺽정_20250221_02479c97a5c149c282fb7b562c99edc9.pdf
2025-02-20 14:16:45,125 - INFO - 📝 질문 받음: 전세 사기에 관련된 판례와 법률을 좀 알려줘.
2025-02-20 14:16:45,125 - INFO - 🔍 관련 법률 및 판례 검색 시작
2025-02-20 14:16:45,724 - INFO - ✅ 관련 법률 검색 완료
2025-02-20 14:16:45,725 - INFO - 🤖 EXAONE 모델을 사용하여 답변 생성 중...
2025-02-20 14:17:03,912 - INFO - ✅ 답변 생성 완료
2025-02-20 14:19:17,939 - INFO - 📝 문서 생성 요청 받음: contract_type='계약서' party_a='주몽' party_b='박혁거세' contract_date='2025-02-21' additional_info='월급은 300만원, 계약기간은 6년, 입금일을 매월 3일로 하고, 성과에 따라 연봉 인상 10%로 한다.' server_url='https://7e63-59-11-23-160.ngrok-free.app'
2025-02-20 14:19:17,939 - INFO - 📄 문서 생성 시작: 계약서, 주몽, 박혁거세, 2025-02-21
2025-02-20 14:19:17,940 - INFO - 🔍 EXAONE에 문서 요청: 계약서, 주몽, 박혁거세, 2025-02-21
2025-02-20 14:19:38,674 - INFO - ✅ 문서 생성 완료 (프롬프트 및 불필요한 텍스트 제거 완료)
2025-02-20 14:19:39,182 - INFO - ✅ PDF 문서 저장 완료: /mnt/c/Users/박원빈/Desktop/TEST_lawyer.ai/document/계약서_주몽_박혁거세_20250221_015d5607ce9a41debdb82bb3eba5b99b.pdf
2025-02-20 14:19:39,183 - INFO - ✅ PDF 저장 완료: /mnt/c/Users/박원빈/Desktop/TEST_lawyer.ai/document/계약서_주몽_박혁거세_20250221_015d5607ce9a41debdb82bb3eba5b99b.pdf
2025-02-20 14:19:39,183 - INFO - 🔗 다운로드 링크 생성 완료: https://7e63-59-11-23-160.ngrok-free.app/document/계약서_주몽_박혁거세_20250221_015d5607ce9a41debdb82bb3eba5b99b.pdf
2025-02-20 14:20:59,665 - INFO - 📝 문서 생성 요청 받음: contract_type='계약서' party_a='주몽' party_b='박혁거세' contract_date='2025-02-21' additional_info='월급은 300만원, 계약기간은 5년, 입금일을 매월 5일로한다, 성과 따른 월급의 인상은 최대 10%씩' server_url='https://7e63-59-11-23-160.ngrok-free.app'
2025-02-20 14:20:59,665 - INFO - 📄 문서 생성 시작: 계약서, 주몽, 박혁거세, 2025-02-21
2025-02-20 14:20:59,666 - INFO - 🔍 EXAONE에 문서 요청: 계약서, 주몽, 박혁거세, 2025-02-21
2025-02-20 14:21:17,048 - INFO - ✅ 문서 생성 완료 (프롬프트 및 불필요한 텍스트 제거 완료)
2025-02-20 14:21:17,350 - INFO - ✅ PDF 문서 저장 완료: /mnt/c/Users/박원빈/Desktop/TEST_lawyer.ai/document/계약서_주몽_박혁거세_20250221_f8bec6992ca5488dbbdfa10c70b6db69.pdf
2025-02-20 14:21:17,352 - INFO - ✅ PDF 저장 완료: /mnt/c/Users/박원빈/Desktop/TEST_lawyer.ai/document/계약서_주몽_박혁거세_20250221_f8bec6992ca5488dbbdfa10c70b6db69.pdf
2025-02-20 14:21:17,352 - INFO - 🔗 다운로드 링크 생성 완료: https://7e63-59-11-23-160.ngrok-free.app/document/계약서_주몽_박혁거세_20250221_f8bec6992ca5488dbbdfa10c70b6db69.pdf
2025-02-20 14:23:46,477 - INFO - 📝 질문 받음: 지인이 돈을 안갚아요.
2025-02-20 14:23:46,478 - INFO - 🔍 관련 법률 및 판례 검색 시작
2025-02-20 14:23:47,085 - INFO - ✅ 관련 법률 검색 완료
2025-02-20 14:23:47,085 - INFO - 🤖 EXAONE 모델을 사용하여 답변 생성 중...
2025-02-20 14:24:08,819 - INFO - ✅ 답변 생성 완료
2025-02-20 14:38:47,864 - INFO - 📝 질문 받음: 전세 사기를 당했는데, 어떻게 해야돼? 집 주인이랑 부동산 중개인은 연락도 안받는데.
2025-02-20 14:38:47,864 - INFO - 🔍 관련 법률 및 판례 검색 시작
2025-02-20 14:38:48,441 - INFO - ✅ 관련 법률 검색 완료
2025-02-20 14:38:48,441 - INFO - 🤖 EXAONE 모델을 사용하여 답변 생성 중...
2025-02-20 14:39:08,464 - INFO - ✅ 답변 생성 완료
2025-02-20 14:46:19,889 - INFO - 📝 질문 받음: 전세 사기를 당했는데, 어떻게 해야돼? 집주인이랑 부동산 중개인이 연락을 안받아.
2025-02-20 14:46:19,890 - INFO - 🔍 관련 법률 및 판례 검색 시작
2025-02-20 14:46:20,532 - INFO - ✅ 관련 법률 검색 완료
2025-02-20 14:46:20,532 - INFO - 🤖 EXAONE 모델을 사용하여 답변 생성 중...
2025-02-20 14:46:39,881 - INFO - ✅ 답변 생성 완료
2025-02-20 14:49:51,035 - INFO - 📝 질문 받음: 계단에서 내려오다가 미끄러져서 넘어졌는데, 건물주에게 책임을 물을 수 있을까?
2025-02-20 14:49:51,036 - INFO - 🔍 관련 법률 및 판례 검색 시작
2025-02-20 14:49:51,674 - INFO - ✅ 관련 법률 검색 완료
2025-02-20 14:49:51,674 - INFO - 🤖 EXAONE 모델을 사용하여 답변 생성 중...
2025-02-20 14:50:12,629 - INFO - ✅ 답변 생성 완료
2025-02-20 14:56:16,071 - INFO - 📝 질문 받음: 집주인이 전세금을 안돌려주는데 어떻게 해야돼?
2025-02-20 14:56:16,071 - INFO - 🔍 관련 법률 및 판례 검색 시작
2025-02-20 14:56:16,090 - INFO - ✅ 관련 법률 검색 완료
2025-02-20 14:56:16,091 - INFO - 🤖 EXAONE 모델을 사용하여 답변 생성 중...
2025-02-20 14:56:33,889 - INFO - ✅ 답변 생성 완료
2025-02-20 15:27:01,320 - INFO - 📝 질문 받음: 전세 사기를 당했는데 어떻게 해야돼?
2025-02-20 15:27:01,321 - INFO - 🔍 관련 법률 및 판례 검색 시작
2025-02-20 15:27:02,042 - INFO - ✅ 관련 법률 검색 완료
2025-02-20 15:27:02,042 - INFO - 🤖 EXAONE 모델을 사용하여 답변 생성 중...
2025-02-20 15:27:21,703 - INFO - ✅ 답변 생성 완료
2025-02-20 17:57:49,986 - INFO - 📝 질문 받음: 전세 사기를 당했는데 어떻게 해야돼?
2025-02-20 17:57:49,987 - INFO - 🔍 관련 법률 및 판례 검색 시작
2025-02-20 17:57:50,643 - INFO - ✅ 관련 법률 검색 완료
2025-02-20 17:57:50,643 - INFO - 🤖 EXAONE 모델을 사용하여 답변 생성 중...
2025-02-20 17:58:15,354 - INFO - ✅ 답변 생성 완료
2025-02-20 17:58:41,194 - INFO - 📝 질문 받음: 그럼 전세 사기에 관련된 판례와 법률을 좀 알려줘
2025-02-20 17:58:41,194 - INFO - 🔍 관련 법률 및 판례 검색 시작
2025-02-20 17:58:41,215 - INFO - ✅ 관련 법률 검색 완료
2025-02-20 17:58:41,215 - INFO - 🤖 EXAONE 모델을 사용하여 답변 생성 중...
2025-02-20 17:59:06,307 - INFO - ✅ 답변 생성 완료
2025-02-20 18:00:47,107 - INFO - 📝 질문 받음: 전세 사기를 당했는데, 어떻게 해야돼? 집주인이랑 부동산 중개인이 연락을 안받는데.
2025-02-20 18:00:47,107 - INFO - 🔍 관련 법률 및 판례 검색 시작
2025-02-20 18:00:47,132 - INFO - ✅ 관련 법률 검색 완료
2025-02-20 18:00:47,132 - INFO - 🤖 EXAONE 모델을 사용하여 답변 생성 중...
2025-02-20 18:01:13,111 - INFO - ✅ 답변 생성 완료
2025-02-20 18:02:58,005 - INFO - 📝 질문 받음: 그럼 전세 사기 관련 판례나 법률을 좀 알려줘
2025-02-20 18:02:58,005 - INFO - 🔍 관련 법률 및 판례 검색 시작
2025-02-20 18:02:58,027 - INFO - ✅ 관련 법률 검색 완료
2025-02-20 18:02:58,028 - INFO - 🤖 EXAONE 모델을 사용하여 답변 생성 중...
2025-02-20 18:03:17,398 - INFO - ✅ 답변 생성 완료
2025-02-20 18:07:31,855 - INFO - 📝 문서 생성 요청 받음: contract_type='계약서' party_a='홍길동' party_b='임꺽정' contract_date='2025-02-21' additional_info='부동산 매매 계약서 양식.' server_url='https://7e63-59-11-23-160.ngrok-free.app'
2025-02-20 18:07:31,856 - INFO - 📄 문서 생성 시작: 계약서, 홍길동, 임꺽정, 2025-02-21
2025-02-20 18:07:31,856 - INFO - 🔍 EXAONE에 문서 요청: 계약서, 홍길동, 임꺽정, 2025-02-21
2025-02-20 18:07:53,991 - INFO - ✅ 문서 생성 완료 (프롬프트 및 불필요한 텍스트 제거 완료)
2025-02-20 18:07:54,505 - INFO - ✅ PDF 문서 저장 완료: /mnt/c/Users/박원빈/Desktop/TEST_lawyer.ai/document/계약서_홍길동_임꺽정_20250221_bedb576392574aa0bbc8c8d9b6eae40c.pdf
2025-02-20 18:07:54,506 - INFO - ✅ PDF 저장 완료: /mnt/c/Users/박원빈/Desktop/TEST_lawyer.ai/document/계약서_홍길동_임꺽정_20250221_bedb576392574aa0bbc8c8d9b6eae40c.pdf
2025-02-20 18:07:54,506 - INFO - 🔗 다운로드 링크 생성 완료: https://7e63-59-11-23-160.ngrok-free.app/document/계약서_홍길동_임꺽정_20250221_bedb576392574aa0bbc8c8d9b6eae40c.pdf
2025-02-20 22:27:51,002 - INFO - 📝 질문 받음: 친구한테 300만원을 빌려줬는데 갑자기 돈을 못갚겠다고 하는데 어떻게 해야 돈을 돌려 받을 수 있어?
2025-02-20 22:27:51,003 - INFO - 🔍 관련 법률 및 판례 검색 시작
2025-02-20 22:27:51,868 - INFO - ✅ 관련 법률 검색 완료
2025-02-20 22:27:51,868 - INFO - 🤖 EXAONE 모델을 사용하여 답변 생성 중...
2025-02-20 22:28:12,604 - INFO - ✅ 답변 생성 완료
2025-02-20 22:28:55,724 - INFO - 📝 질문 받음: 좀 더 이해하기 쉽게 설명을 해주라.
2025-02-20 22:28:55,724 - INFO - 🔍 관련 법률 및 판례 검색 시작
2025-02-20 22:28:55,746 - INFO - ✅ 관련 법률 검색 완료
2025-02-20 22:28:55,747 - INFO - 🤖 EXAONE 모델을 사용하여 답변 생성 중...
2025-02-20 22:29:29,048 - INFO - ✅ 답변 생성 완료
2025-02-20 22:30:36,056 - INFO - 📝 질문 받음: 친구한테 300만원을 빌려줬는데 갑자기 돈을 못갚겠다고 하는데 어떻게 해야 돈을 돌려 받을 수 있어? 이해하기 쉽게 설명해줘
2025-02-20 22:30:36,057 - INFO - 🔍 관련 법률 및 판례 검색 시작
2025-02-20 22:30:36,074 - INFO - ✅ 관련 법률 검색 완료
2025-02-20 22:30:36,074 - INFO - 🤖 EXAONE 모델을 사용하여 답변 생성 중...
2025-02-20 22:31:04,573 - INFO - ✅ 답변 생성 완료
2025-02-20 22:37:56,407 - INFO - 📝 문서 생성 요청 받음: contract_type='근로 계약서' party_a='홍길동' party_b='임꺽정' contract_date='2025-02-21' additional_info='월급은 250만원, 계약 기간은 2년, 입금일은 매월 5일로 한다.' server_url='https://cdd0-59-11-23-160.ngrok-free.app'
2025-02-20 22:37:56,407 - INFO - 📄 문서 생성 시작: 근로 계약서, 홍길동, 임꺽정, 2025-02-21
2025-02-20 22:37:56,408 - INFO - 🔍 EXAONE에 문서 요청: 근로 계약서, 홍길동, 임꺽정, 2025-02-21
2025-02-20 22:38:25,830 - INFO - ✅ 문서 생성 완료 (프롬프트 및 불필요한 텍스트 제거 완료)
2025-02-20 22:38:26,335 - INFO - ✅ PDF 문서 저장 완료: /mnt/c/Users/박원빈/Desktop/TEST_lawyer.ai/document/근로 계약서_홍길동_임꺽정_20250221_06113fe10f8e4b859e1b8daf6ac04f59.pdf
2025-02-20 22:38:26,337 - INFO - ✅ PDF 저장 완료: /mnt/c/Users/박원빈/Desktop/TEST_lawyer.ai/document/근로 계약서_홍길동_임꺽정_20250221_06113fe10f8e4b859e1b8daf6ac04f59.pdf
2025-02-20 22:38:26,337 - INFO - 🔗 다운로드 링크 생성 완료: https://cdd0-59-11-23-160.ngrok-free.app/document/근로 계약서_홍길동_임꺽정_20250221_06113fe10f8e4b859e1b8daf6ac04f59.pdf
2025-02-21 13:44:50,499 - INFO - 📝 질문 받음: 전세사기를 당했어요.
2025-02-21 13:44:50,500 - INFO - 🔍 관련 법률 및 판례 검색 시작
2025-02-21 13:44:51,392 - INFO - ✅ 관련 법률 검색 완료
2025-02-21 13:44:51,392 - INFO - 🤖 EXAONE 모델을 사용하여 답변 생성 중...
2025-02-21 13:45:20,780 - INFO - ✅ 답변 생성 완료
2025-02-21 13:50:48,792 - INFO - 📝 질문 받음: 전세 사기를 당했어요.
2025-02-21 13:50:48,793 - INFO - 🔍 관련 법률 및 판례 검색 시작
2025-02-21 13:50:49,434 - INFO - ✅ 관련 법률 검색 완료
2025-02-21 13:50:49,434 - INFO - 🤖 EXAONE 모델을 사용하여 답변 생성 중...
2025-02-21 13:51:11,832 - INFO - ✅ 답변 생성 완료
2025-02-21 13:51:59,070 - INFO - 📝 질문 받음: 전세 사기를 당했어요.
2025-02-21 13:51:59,070 - INFO - 🔍 관련 법률 및 판례 검색 시작
2025-02-21 13:51:59,090 - INFO - ✅ 관련 법률 검색 완료
2025-02-21 13:51:59,090 - INFO - 🤖 EXAONE 모델을 사용하여 답변 생성 중...
2025-02-21 13:52:23,433 - INFO - ✅ 답변 생성 완료
2025-02-21 13:57:16,592 - INFO - 📝 질문 받음: 전세사기를 당했어요.
2025-02-21 13:57:16,592 - INFO - 🔍 관련 법률 및 판례 검색 시작
2025-02-21 13:57:16,609 - INFO - ✅ 관련 법률 검색 완료
2025-02-21 13:57:16,610 - INFO - 🤖 EXAONE 모델을 사용하여 답변 생성 중...
2025-02-21 13:57:40,961 - INFO - ✅ 답변 생성 완료
2025-02-21 19:52:23,901 - INFO - 📝 질문 받음: 지인이 돈을 빌렸는데 갑자기 못갚겠다고 하는데 어떻게 해야돼? 입금내역이랑 대화기록은 가지고 있어.
2025-02-21 19:52:23,902 - INFO - 🔍 관련 법률 및 판례 검색 시작
2025-02-21 19:52:24,760 - INFO - ✅ 관련 법률 검색 완료
2025-02-21 19:52:24,760 - INFO - 🤖 EXAONE 모델을 사용하여 답변 생성 중...
2025-02-21 19:52:54,151 - INFO - ✅ 답변 생성 완료
2025-02-21 19:53:36,306 - INFO - 📝 문서 생성 요청 받음: contract_type='근로 계약서' party_a='홍길동' party_b='둘리' contract_date='2025-02-21' additional_info='월급은 350만원, 계약 기간은 2년, 입금일은 매월 5일로 한다.' server_url='https://acd0-59-11-23-160.ngrok-free.app'
2025-02-21 19:53:36,307 - INFO - 📄 문서 생성 시작: 근로 계약서, 홍길동, 둘리, 2025-02-21
2025-02-21 19:53:36,307 - INFO - 🔍 EXAONE에 문서 요청: 근로 계약서, 홍길동, 둘리, 2025-02-21
2025-02-21 19:54:00,603 - INFO - ✅ 문서 생성 완료 (프롬프트 및 불필요한 텍스트 제거 완료)
2025-02-21 19:54:01,153 - INFO - ✅ PDF 문서 저장 완료: /mnt/c/Users/박원빈/Desktop/TEST_lawyer.ai/document/근로 계약서_홍길동_둘리_20250221_cfce28ef54af4af89386a0661f98be73.pdf
2025-02-21 19:54:01,154 - INFO - ✅ PDF 저장 완료: /mnt/c/Users/박원빈/Desktop/TEST_lawyer.ai/document/근로 계약서_홍길동_둘리_20250221_cfce28ef54af4af89386a0661f98be73.pdf
2025-02-21 19:54:01,155 - INFO - 🔗 다운로드 링크 생성 완료: https://acd0-59-11-23-160.ngrok-free.app/document/근로 계약서_홍길동_둘리_20250221_cfce28ef54af4af89386a0661f98be73.pdf
2025-02-24 13:29:10,430 - INFO - 📝 질문 받음: 전세사기를 당했어요.
2025-02-24 13:29:10,431 - INFO - 🔍 관련 법률 및 판례 검색 시작
2025-02-24 13:29:11,369 - INFO - ✅ 관련 법률 검색 완료
2025-02-24 13:29:11,369 - INFO - 🤖 EXAONE 모델을 사용하여 답변 생성 중...
2025-02-24 13:29:31,522 - INFO - ✅ 답변 생성 완료
2025-02-24 13:46:26,895 - INFO - 📝 질문 받음: 카페에서 넘어졌어
2025-02-24 13:46:26,895 - INFO - 🔍 관련 법률 및 판례 검색 시작
2025-02-24 13:46:26,914 - INFO - ✅ 관련 법률 검색 완료
2025-02-24 13:46:26,914 - INFO - 🤖 EXAONE 모델을 사용하여 답변 생성 중...
2025-02-24 13:46:46,432 - INFO - ✅ 답변 생성 완료
2025-02-24 13:48:47,266 - INFO - 📝 질문 받음: 내가 친구한테 돈을 빌려줬는데, 갑자기 못갚겠다고 하는데. 어떤 법적 조치를 취할 수 있어? 차용증이나 계약서는 없지만 입금내역과 대화기록은 내가 가지고 있어.
2025-02-24 13:48:47,266 - INFO - 🔍 관련 법률 및 판례 검색 시작
2025-02-24 13:48:47,284 - INFO - ✅ 관련 법률 검색 완료
2025-02-24 13:48:47,284 - INFO - 🤖 EXAONE 모델을 사용하여 답변 생성 중...
2025-02-24 13:49:05,287 - INFO - ✅ 답변 생성 완료
2025-02-24 13:51:59,969 - INFO - 📝 문서 생성 요청 받음: contract_type='계약서' party_a='김철수' party_b='김영희' contract_date='2025-02-11' additional_info='월급은 200만원 입금일은 매월 5일로 한다. 계약기간은 1년으로 한다.' server_url='https://fd5f-59-11-23-160.ngrok-free.app'
2025-02-24 13:51:59,970 - INFO - 📄 문서 생성 시작: 계약서, 김철수, 김영희, 2025-02-11
2025-02-24 13:51:59,970 - INFO - 🔍 EXAONE에 문서 요청: 계약서, 김철수, 김영희, 2025-02-11
2025-02-24 13:52:23,992 - INFO - ✅ 문서 생성 완료 (프롬프트 및 불필요한 텍스트 제거 완료)
2025-02-24 13:52:24,474 - INFO - ✅ PDF 문서 저장 완료: /mnt/c/Users/박원빈/Desktop/TEST_lawyer.ai/document/계약서_김철수_김영희_20250211_93e209d9f31245c1975ce7e2b4dc5f6f.pdf
2025-02-24 13:52:24,475 - INFO - ✅ PDF 저장 완료: /mnt/c/Users/박원빈/Desktop/TEST_lawyer.ai/document/계약서_김철수_김영희_20250211_93e209d9f31245c1975ce7e2b4dc5f6f.pdf
2025-02-24 13:52:24,475 - INFO - 🔗 다운로드 링크 생성 완료: https://fd5f-59-11-23-160.ngrok-free.app/document/계약서_김철수_김영희_20250211_93e209d9f31245c1975ce7e2b4dc5f6f.pdf
2025-02-24 15:29:22,514 - INFO - 📝 질문 받음: 전세사기에 대응하는 법
2025-02-24 15:29:22,515 - INFO - 🔍 관련 법률 및 판례 검색 시작
2025-02-24 15:29:23,242 - INFO - ✅ 관련 법률 검색 완료
2025-02-24 15:29:23,242 - INFO - 🤖 EXAONE 모델을 사용하여 답변 생성 중...
2025-02-24 15:29:43,786 - INFO - ✅ 답변 생성 완료
2025-02-24 15:37:12,265 - INFO - 📝 질문 받음: 카페에서 넘어졌을때
2025-02-24 15:37:12,266 - INFO - 🔍 관련 법률 및 판례 검색 시작
2025-02-24 15:37:12,285 - INFO - ✅ 관련 법률 검색 완료
2025-02-24 15:37:12,285 - INFO - 🤖 EXAONE 모델을 사용하여 답변 생성 중...
2025-02-24 15:37:31,287 - INFO - ✅ 답변 생성 완료
2025-02-25 11:23:30,007 - INFO - 📝 질문 받음: 전세사기를 당했어요.
2025-02-25 11:23:30,008 - INFO - 🔍 관련 법률 및 판례 검색 시작
2025-02-25 11:23:30,935 - INFO - ✅ 관련 법률 검색 완료
2025-02-25 11:23:30,935 - INFO - 🤖 EXAONE 모델을 사용하여 답변 생성 중...
2025-02-25 11:23:52,181 - INFO - ✅ 답변 생성 완료
2025-02-25 11:24:53,962 - INFO - 📝 질문 받음: 안녕하세요
2025-02-25 11:24:53,962 - INFO - 🔍 관련 법률 및 판례 검색 시작
2025-02-25 11:24:53,986 - INFO - ✅ 관련 법률 검색 완료
2025-02-25 11:24:53,986 - INFO - 🤖 EXAONE 모델을 사용하여 답변 생성 중...
2025-02-25 11:25:24,313 - INFO - ✅ 답변 생성 완료
2025-02-25 11:25:50,762 - INFO - 📝 질문 받음: 돈을 누가 빌렸는데 안 갚어
2025-02-25 11:25:50,763 - INFO - 🔍 관련 법률 및 판례 검색 시작
2025-02-25 11:25:50,781 - INFO - ✅ 관련 법률 검색 완료
2025-02-25 11:25:50,782 - INFO - 🤖 EXAONE 모델을 사용하여 답변 생성 중...
2025-02-25 11:26:12,511 - INFO - ✅ 답변 생성 완료
2025-02-25 11:27:01,697 - INFO - 📝 문서 생성 요청 받음: contract_type='계약서' party_a='김철수' party_b='김영희' contract_date='2025-02-12' additional_info='월급 200만원 계약기간은 1년이야' server_url='https://4896-59-11-23-160.ngrok-free.app'
2025-02-25 11:27:01,697 - INFO - 📄 문서 생성 시작: 계약서, 김철수, 김영희, 2025-02-12
2025-02-25 11:27:01,697 - INFO - 🔍 EXAONE에 문서 요청: 계약서, 김철수, 김영희, 2025-02-12
2025-02-25 11:27:24,687 - INFO - ✅ 문서 생성 완료 (프롬프트 및 불필요한 텍스트 제거 완료)
2025-02-25 11:27:25,175 - INFO - ✅ PDF 문서 저장 완료: /mnt/c/Users/박원빈/Desktop/TEST_lawyer.ai/document/계약서_김철수_김영희_20250212_eb60ecc14a0c49988e1f31a7ed6ed673.pdf
2025-02-25 11:27:25,177 - INFO - ✅ PDF 저장 완료: /mnt/c/Users/박원빈/Desktop/TEST_lawyer.ai/document/계약서_김철수_김영희_20250212_eb60ecc14a0c49988e1f31a7ed6ed673.pdf
2025-02-25 11:27:25,177 - INFO - 🔗 다운로드 링크 생성 완료: https://4896-59-11-23-160.ngrok-free.app/document/계약서_김철수_김영희_20250212_eb60ecc14a0c49988e1f31a7ed6ed673.pdf
2025-02-25 11:47:27,184 - INFO - 📝 질문 받음: 교통사고를 당했어요.
2025-02-25 11:47:27,184 - INFO - 🔍 관련 법률 및 판례 검색 시작
2025-02-25 11:47:27,203 - INFO - ✅ 관련 법률 검색 완료
2025-02-25 11:47:27,203 - INFO - 🤖 EXAONE 모델을 사용하여 답변 생성 중...
2025-02-25 11:47:52,228 - INFO - ✅ 답변 생성 완료
2025-02-25 11:49:48,420 - INFO - 📝 질문 받음: 지인에게 300만원을 빌려줬는데 못갚겠다고 하는데 어떤 법적 조치를 취해야 돈을 받을 수 있어?  계약서나 차용증은 없지만 입금내역과 대화기록은 있어
2025-02-25 11:49:48,420 - INFO - 🔍 관련 법률 및 판례 검색 시작
2025-02-25 11:49:48,441 - INFO - ✅ 관련 법률 검색 완료
2025-02-25 11:49:48,441 - INFO - 🤖 EXAONE 모델을 사용하여 답변 생성 중...
2025-02-25 11:50:12,182 - INFO - ✅ 답변 생성 완료
2025-02-25 11:51:15,728 - INFO - 📝 문서 생성 요청 받음: contract_type='계약서' party_a='김철수' party_b='김영희' contract_date='2025-02-25' additional_info='월급은 200만원 계약기간은 1년 입금일은 15일' server_url='https://4896-59-11-23-160.ngrok-free.app'
2025-02-25 11:51:15,728 - INFO - 📄 문서 생성 시작: 계약서, 김철수, 김영희, 2025-02-25
2025-02-25 11:51:15,728 - INFO - 🔍 EXAONE에 문서 요청: 계약서, 김철수, 김영희, 2025-02-25
2025-02-25 11:51:32,810 - INFO - ✅ 문서 생성 완료 (프롬프트 및 불필요한 텍스트 제거 완료)
2025-02-25 11:51:33,112 - INFO - ✅ PDF 문서 저장 완료: /mnt/c/Users/박원빈/Desktop/TEST_lawyer.ai/document/계약서_김철수_김영희_20250225_fe4936e3a0454a149ebc03b64585e4d0.pdf
2025-02-25 11:51:33,114 - INFO - ✅ PDF 저장 완료: /mnt/c/Users/박원빈/Desktop/TEST_lawyer.ai/document/계약서_김철수_김영희_20250225_fe4936e3a0454a149ebc03b64585e4d0.pdf
2025-02-25 11:51:33,114 - INFO - 🔗 다운로드 링크 생성 완료: https://4896-59-11-23-160.ngrok-free.app/document/계약서_김철수_김영희_20250225_fe4936e3a0454a149ebc03b64585e4d0.pdf
